Log file open, 03/23/23 18:27:14
LogWindows: Failed to load 'aqProf.dll' (GetLastError=126)
LogWindows: File 'aqProf.dll' does not exist
LogWindows: Failed to load 'VtuneApi.dll' (GetLastError=126)
LogWindows: File 'VtuneApi.dll' does not exist
LogWindows: Failed to load 'VtuneApi32e.dll' (GetLastError=126)
LogWindows: File 'VtuneApi32e.dll' does not exist
LogConsoleResponse: Display: Failed to find resolution value strings in scalability ini. Falling back to default.
LogConsoleResponse: Display: Failed to find resolution value strings in scalability ini. Falling back to default.
LogInit: Display: Running engine for game: MyProject
LogPlatformFile: Not using cached read wrapper
LogTaskGraph: Started task graph with 5 named threads and 23 total threads with 3 sets of task threads.
LogStats: Stats thread started at 0.268416
LogICUInternationalization: ICU TimeZone Detection - Raw Offset: +1:00, Platform Override: ''
LogInit: Display: Loading text-based GConfig....
LogPluginManager: Mounting plugin MeshPainting
LogPluginManager: Mounting plugin XGEController
LogPluginManager: Mounting plugin Paper2D
LogPluginManager: Mounting plugin LiveLink
LogPluginManager: Mounting plugin LightPropagationVolume
LogPluginManager: Mounting plugin EnvironmentQueryEditor
LogPluginManager: Mounting plugin AISupport
LogPluginManager: Mounting plugin CameraShakePreviewer
LogPluginManager: Mounting plugin GameplayCameras
LogPluginManager: Mounting plugin OodleNetwork
LogPluginManager: Mounting plugin OodleData
LogPluginManager: Mounting plugin AnimationSharing
LogPluginManager: Mounting plugin CodeLiteSourceCodeAccess
LogPluginManager: Mounting plugin NullSourceCodeAccess
LogPluginManager: Mounting plugin PerforceSourceControl
LogPluginManager: Mounting plugin PixWinPlugin
LogPluginManager: Mounting plugin PluginUtils
LogPluginManager: Mounting plugin PlasticSourceControl
LogPluginManager: Mounting plugin PropertyAccessNode
LogPluginManager: Mounting plugin RiderSourceCodeAccess
LogPluginManager: Mounting plugin SubversionSourceControl
LogPluginManager: Mounting plugin CLionSourceCodeAccess
LogPluginManager: Mounting plugin GitSourceControl
LogPluginManager: Mounting plugin TextureFormatOodle
LogPluginManager: Mounting plugin UObjectPlugin
LogPluginManager: Mounting plugin VisualStudioCodeSourceCodeAccess
LogPluginManager: Mounting plugin VisualStudioSourceCodeAccess
LogPluginManager: Mounting plugin XCodeSourceCodeAccess
LogPluginManager: Mounting plugin AlembicImporter
LogPluginManager: Mounting plugin KDevelopSourceCodeAccess
LogPluginManager: Mounting plugin AutomationUtils
LogPluginManager: Mounting plugin BackChannel
LogPluginManager: Mounting plugin ChaosCloth
LogPluginManager: Mounting plugin ChaosClothEditor
LogPluginManager: Mounting plugin ChaosEditor
LogPluginManager: Mounting plugin ChaosNiagara
LogPluginManager: Mounting plugin ChaosSolverPlugin
LogPluginManager: Mounting plugin CharacterAI
LogPluginManager: Mounting plugin DatasmithContent
LogPluginManager: Mounting plugin VariantManagerContent
LogPluginManager: Mounting plugin AssetManagerEditor
LogPluginManager: Mounting plugin CryptoKeys
LogPluginManager: Mounting plugin DataValidation
LogPluginManager: Mounting plugin CurveEditorTools
LogPluginManager: Mounting plugin FacialAnimation
LogPluginManager: Mounting plugin GameplayTagsEditor
LogPluginManager: Mounting plugin GeometryMode
LogPluginManager: Mounting plugin Niagara
LogPluginManager: Mounting plugin MacGraphicsSwitching
LogPluginManager: Mounting plugin MaterialAnalyzer
LogPluginManager: Mounting plugin PluginBrowser
LogPluginManager: Mounting plugin SpeedTreeImporter
LogPluginManager: Mounting plugin GeometryCache
LogPluginManager: Mounting plugin GeometryCollectionPlugin
LogPluginManager: Mounting plugin GeometryProcessing
LogPluginManager: Mounting plugin MobileLauncherProfileWizard
LogPluginManager: Mounting plugin MotoSynth
LogPluginManager: Mounting plugin OpenImageDenoise
LogPluginManager: Mounting plugin PlanarCut
LogPluginManager: Mounting plugin PlatformCrypto
LogPluginManager: Mounting plugin ProxyLODPlugin
LogPluginManager: Mounting plugin PythonScriptPlugin
LogPluginManager: Mounting plugin LuminPlatformFeatures
LogPluginManager: Mounting plugin MagicLeap
LogPluginManager: Mounting plugin SkeletalReduction
LogPluginManager: Mounting plugin MagicLeapMedia
LogPluginManager: Mounting plugin MagicLeapLightEstimation
LogPluginManager: Mounting plugin MagicLeapPassableWorld
LogPluginManager: Mounting plugin MLSDK
LogPluginManager: Mounting plugin AndroidMedia
LogPluginManager: Mounting plugin AvfMedia
LogPluginManager: Mounting plugin ImgMedia
LogPluginManager: Mounting plugin MediaCompositing
LogPluginManager: Mounting plugin MediaPlayerEditor
LogPluginManager: Mounting plugin WebMMedia
LogPluginManager: Mounting plugin WmfMedia
LogPluginManager: Mounting plugin TcpMessaging
LogPluginManager: Mounting plugin UdpMessaging
LogPluginManager: Mounting plugin ActorSequence
LogPluginManager: Mounting plugin MatineeToLevelSequence
LogPluginManager: Mounting plugin LevelSequenceEditor
LogPluginManager: Mounting plugin TemplateSequence
LogPluginManager: Mounting plugin LauncherChunkInstaller
LogPluginManager: Mounting plugin OnlineSubsystem
LogPluginManager: Mounting plugin OnlineSubsystemNull
LogPluginManager: Mounting plugin OnlineSubsystemUtils
LogPluginManager: Mounting plugin ActorLayerUtilities
LogPluginManager: Mounting plugin AndroidMoviePlayer
LogPluginManager: Mounting plugin AndroidDeviceProfileSelector
LogPluginManager: Mounting plugin AndroidPermission
LogPluginManager: Mounting plugin AppleImageUtils
LogPluginManager: Mounting plugin AppleMoviePlayer
LogPluginManager: Mounting plugin AudioCapture
LogPluginManager: Mounting plugin AssetTags
LogPluginManager: Mounting plugin ArchVisCharacter
LogPluginManager: Mounting plugin AudioSynesthesia
LogPluginManager: Mounting plugin ChunkDownloader
LogPluginManager: Mounting plugin CustomMeshComponent
LogPluginManager: Mounting plugin ExampleDeviceProfileSelector
LogPluginManager: Mounting plugin CableComponent
LogPluginManager: Mounting plugin EditableMesh
LogPluginManager: Mounting plugin ScreenshotTools
LogPluginManager: Mounting plugin GoogleCloudMessaging
LogPluginManager: Mounting plugin GooglePAD
LogPluginManager: Mounting plugin IOSDeviceProfileSelector
LogPluginManager: Mounting plugin LinuxDeviceProfileSelector
LogPluginManager: Mounting plugin LocationServicesBPLibrary
LogPluginManager: Mounting plugin MobilePatchingUtils
LogPluginManager: Mounting plugin OpenXR
LogPluginManager: Mounting plugin OpenXREyeTracker
LogPluginManager: Mounting plugin OpenXRHandTracking
LogPluginManager: Mounting plugin PhysXVehicles
LogPluginManager: Mounting plugin PostSplashScreen
LogPluginManager: Mounting plugin ProceduralMeshComponent
LogPluginManager: Mounting plugin PropertyAccessEditor
LogPluginManager: Mounting plugin RuntimePhysXCooking
LogPluginManager: Mounting plugin SignificanceManager
LogPluginManager: Mounting plugin SoundFields
LogPluginManager: Mounting plugin Synthesis
LogPluginManager: Mounting plugin WebMMoviePlayer
LogPluginManager: Mounting plugin WindowsMoviePlayer
LogPluginManager: Mounting plugin Takes
LogPluginManager: Mounting plugin ContentBrowserAssetDataSource
LogPluginManager: Mounting plugin ContentBrowserFileDataSource
LogPluginManager: Mounting plugin ContentBrowserClassDataSource
LogPluginManager: Mounting plugin OnlineSubsystemGooglePlay
LogPluginManager: Mounting plugin OnlineSubsystemIOS
LogPluginManager: Mounting plugin OculusVR
LogPluginManager: Mounting plugin SteamVR
PixWinPlugin: PIX capture plugin failed to initialize! Check that the process is launched from PIX.
LogInit: Using libcurl 7.55.1-DEV
LogInit:  - built for x86_64-pc-win32
LogInit:  - supports SSL with OpenSSL/1.1.1
LogInit:  - supports HTTP deflate (compression) using libz 1.2.8
LogInit:  - other features:
LogInit:      CURL_VERSION_SSL
LogInit:      CURL_VERSION_LIBZ
LogInit:      CURL_VERSION_IPV6
LogInit:      CURL_VERSION_ASYNCHDNS
LogInit:      CURL_VERSION_LARGEFILE
LogInit:      CURL_VERSION_IDN
LogInit:  CurlRequestOptions (configurable via config and command line):
LogInit:  - bVerifyPeer = true  - Libcurl will verify peer certificate
LogInit:  - bUseHttpProxy = false  - Libcurl will NOT use HTTP proxy
LogInit:  - bDontReuseConnections = false  - Libcurl will reuse connections
LogInit:  - MaxHostConnections = 16  - Libcurl will limit the number of connections to a host
LogInit:  - LocalHostAddr = Default
LogInit:  - BufferSize = 65536
LogOnline: OSS: Creating online subsystem instance for: NULL
LogInit: WinSock: version 1.1 (2.2), MaxSocks=32767, MaxUdp=65467
LogOnline: OSS: TryLoadSubsystemAndSetDefault: Loaded subsystem for module [NULL]
LogOculusPluginWrapper: OculusPlugin initialized successfully
LogHMD: Failed initializing OVRPlugin 1.59.0
LogInit: Build: ++UE4+Release-4.27-CL-18319896
LogInit: Engine Version: 4.27.2-18319896+++UE4+Release-4.27
LogInit: Compatible Engine Version: 4.27.0-17155196+++UE4+Release-4.27
LogInit: Net CL: 17155196
LogInit: OS: Windows 10 (Release 2009) (), CPU: 11th Gen Intel(R) Core(TM) i7-11370H @ 3.30GHz, GPU: Intel(R) Iris(R) Xe Graphics
LogInit: Compiled (64-bit): Nov 30 2021 07:12:08
LogInit: Compiled with Visual C++: 19.24.28315.00
LogInit: Build Configuration: Development
LogInit: Branch Name: ++UE4+Release-4.27
LogInit: Command Line: 
LogInit: Base Directory: C:/Program Files/Epic Games/UE_4.27/Engine/Binaries/Win64/
LogInit: Allocator: TBB
LogInit: Installed Engine Build: 1
LogDevObjectVersion: Number of dev versions registered: 29
LogDevObjectVersion:   Dev-Blueprints (B0D832E4-1F89-4F0D-ACCF-7EB736FD4AA2): 10
LogDevObjectVersion:   Dev-Build (E1C64328-A22C-4D53-A36C-8E866417BD8C): 0
LogDevObjectVersion:   Dev-Core (375EC13C-06E4-48FB-B500-84F0262A717E): 4
LogDevObjectVersion:   Dev-Editor (E4B068ED-F494-42E9-A231-DA0B2E46BB41): 40
LogDevObjectVersion:   Dev-Framework (CFFC743F-43B0-4480-9391-14DF171D2073): 37
LogDevObjectVersion:   Dev-Mobile (B02B49B5-BB20-44E9-A304-32B752E40360): 3
LogDevObjectVersion:   Dev-Networking (A4E4105C-59A1-49B5-A7C5-40C4547EDFEE): 0
LogDevObjectVersion:   Dev-Online (39C831C9-5AE6-47DC-9A44-9C173E1C8E7C): 0
LogDevObjectVersion:   Dev-Physics (78F01B33-EBEA-4F98-B9B4-84EACCB95AA2): 14
LogDevObjectVersion:   Dev-Platform (6631380F-2D4D-43E0-8009-CF276956A95A): 0
LogDevObjectVersion:   Dev-Rendering (12F88B9F-8875-4AFC-A67C-D90C383ABD29): 45
LogDevObjectVersion:   Dev-Sequencer (7B5AE74C-D270-4C10-A958-57980B212A5A): 13
LogDevObjectVersion:   Dev-VR (D7296918-1DD6-4BDD-9DE2-64A83CC13884): 3
LogDevObjectVersion:   Dev-LoadTimes (C2A15278-BFE7-4AFE-6C17-90FF531DF755): 1
LogDevObjectVersion:   Private-Geometry (6EACA3D4-40EC-4CC1-B786-8BED09428FC5): 3
LogDevObjectVersion:   Dev-AnimPhys (29E575DD-E0A3-4627-9D10-D276232CDCEA): 17
LogDevObjectVersion:   Dev-Anim (AF43A65D-7FD3-4947-9873-3E8ED9C1BB05): 15
LogDevObjectVersion:   Dev-ReflectionCapture (6B266CEC-1EC7-4B8F-A30B-E4D90942FC07): 1
LogDevObjectVersion:   Dev-Automation (0DF73D61-A23F-47EA-B727-89E90C41499A): 1
LogDevObjectVersion:   FortniteMain (601D1886-AC64-4F84-AA16-D3DE0DEAC7D6): 47
LogDevObjectVersion:   FortniteRelease (E7086368-6B23-4C58-8439-1B7016265E91): 1
LogDevObjectVersion:   Dev-Enterprise (9DFFBCD6-494F-0158-E221-12823C92A888): 10
LogDevObjectVersion:   Dev-Niagara (F2AED0AC-9AFE-416F-8664-AA7FFA26D6FC): 1
LogDevObjectVersion:   Dev-Destruction (174F1F0B-B4C6-45A5-B13F-2EE8D0FB917D): 10
LogDevObjectVersion:   Dev-Physics-Ext (35F94A83-E258-406C-A318-09F59610247C): 41
LogDevObjectVersion:   Dev-PhysicsMaterial-Chaos (B68FC16E-8B1B-42E2-B453-215C058844FE): 1
LogDevObjectVersion:   Dev-CineCamera (B2E18506-4273-CFC2-A54E-F4BB758BBA07): 1
LogDevObjectVersion:   Dev-VirtualProduction (64F58936-FD1B-42BA-BA96-7289D5D0FA4E): 1
LogDevObjectVersion:   Dev-MediaFramework (6F0ED827-A609-4895-9C91-998D90180EA4): 2
LogInit: Presizing for max 25165824 objects, including 0 objects not considered by GC, pre-allocating 0 bytes for permanent pool.
LogConfig: Applying CVar settings from Section [/Script/Engine.StreamingSettings] File [C:/Users/rcano/OneDrive/Documentos/Unreal Projects/MyProject/Saved/Config/Windows/Engine.ini]
LogConfig: Setting CVar [[s.MinBulkDataSizeForAsyncLoading:131072]]
LogConfig: Setting CVar [[s.AsyncLoadingThreadEnabled:0]]
LogConfig: Setting CVar [[s.EventDrivenLoaderEnabled:1]]
LogConfig: Setting CVar [[s.WarnIfTimeLimitExceeded:0]]
LogConfig: Setting CVar [[s.TimeLimitExceededMultiplier:1.5]]
LogConfig: Setting CVar [[s.TimeLimitExceededMinTime:0.005]]
LogConfig: Setting CVar [[s.UseBackgroundLevelStreaming:1]]
LogConfig: Setting CVar [[s.PriorityAsyncLoadingExtraTime:15.0]]
LogConfig: Setting CVar [[s.LevelStreamingActorsUpdateTimeLimit:5.0]]
LogConfig: Setting CVar [[s.PriorityLevelStreamingActorsUpdateExtraTime:5.0]]
LogConfig: Setting CVar [[s.LevelStreamingComponentsRegistrationGranularity:10]]
LogConfig: Setting CVar [[s.UnregisterComponentsTimeLimit:1.0]]
LogConfig: Setting CVar [[s.LevelStreamingComponentsUnregistrationGranularity:5]]
LogConfig: Setting CVar [[s.FlushStreamingOnExit:1]]
LogInit: Object subsystem initialized
LogConfig: Setting CVar [[con.DebugEarlyDefault:1]]
LogConfig: Setting CVar [[r.setres:1280x720]]
[2023.03.23-17.27.14:956][  0]LogConfig: Setting CVar [[r.VSync:0]]
[2023.03.23-17.27.14:956][  0]LogConfig: Setting CVar [[r.RHICmdBypass:0]]
[2023.03.23-17.27.14:956][  0]LogConfig: Applying CVar settings from Section [/Script/Engine.RendererSettings] File [C:/Users/rcano/OneDrive/Documentos/Unreal Projects/MyProject/Saved/Config/Windows/Engine.ini]
[2023.03.23-17.27.14:956][  0]LogConfig: Setting CVar [[r.GPUCrashDebugging:0]]
[2023.03.23-17.27.14:956][  0]LogConfig: Applying CVar settings from Section [/Script/Engine.RendererOverrideSettings] File [C:/Users/rcano/OneDrive/Documentos/Unreal Projects/MyProject/Saved/Config/Windows/Engine.ini]
[2023.03.23-17.27.14:957][  0]LogConfig: Applying CVar settings from Section [/Script/Engine.StreamingSettings] File [C:/Users/rcano/OneDrive/Documentos/Unreal Projects/MyProject/Saved/Config/Windows/Engine.ini]
[2023.03.23-17.27.14:957][  0]LogConfig: Setting CVar [[s.MinBulkDataSizeForAsyncLoading:131072]]
[2023.03.23-17.27.14:957][  0]LogConfig: Setting CVar [[s.AsyncLoadingThreadEnabled:0]]
[2023.03.23-17.27.14:957][  0]LogConfig: Setting CVar [[s.EventDrivenLoaderEnabled:1]]
[2023.03.23-17.27.14:957][  0]LogConfig: Setting CVar [[s.WarnIfTimeLimitExceeded:0]]
[2023.03.23-17.27.14:957][  0]LogConfig: Setting CVar [[s.TimeLimitExceededMultiplier:1.5]]
[2023.03.23-17.27.14:957][  0]LogConfig: Setting CVar [[s.TimeLimitExceededMinTime:0.005]]
[2023.03.23-17.27.14:957][  0]LogConfig: Setting CVar [[s.UseBackgroundLevelStreaming:1]]
[2023.03.23-17.27.14:957][  0]LogConfig: Setting CVar [[s.PriorityAsyncLoadingExtraTime:15.0]]
[2023.03.23-17.27.14:957][  0]LogConfig: Setting CVar [[s.LevelStreamingActorsUpdateTimeLimit:5.0]]
[2023.03.23-17.27.14:957][  0]LogConfig: Setting CVar [[s.PriorityLevelStreamingActorsUpdateExtraTime:5.0]]
[2023.03.23-17.27.14:957][  0]LogConfig: Setting CVar [[s.LevelStreamingComponentsRegistrationGranularity:10]]
[2023.03.23-17.27.14:957][  0]LogConfig: Setting CVar [[s.UnregisterComponentsTimeLimit:1.0]]
[2023.03.23-17.27.14:957][  0]LogConfig: Setting CVar [[s.LevelStreamingComponentsUnregistrationGranularity:5]]
[2023.03.23-17.27.14:957][  0]LogConfig: Setting CVar [[s.FlushStreamingOnExit:1]]
[2023.03.23-17.27.14:957][  0]LogConfig: Applying CVar settings from Section [/Script/Engine.GarbageCollectionSettings] File [C:/Users/rcano/OneDrive/Documentos/Unreal Projects/MyProject/Saved/Config/Windows/Engine.ini]
[2023.03.23-17.27.14:957][  0]LogConfig: Setting CVar [[gc.MaxObjectsNotConsideredByGC:1]]
[2023.03.23-17.27.14:957][  0]LogConfig: Setting CVar [[gc.SizeOfPermanentObjectPool:0]]
[2023.03.23-17.27.14:957][  0]LogConfig: Setting CVar [[gc.FlushStreamingOnGC:0]]
[2023.03.23-17.27.14:957][  0]LogConfig: Setting CVar [[gc.NumRetriesBeforeForcingGC:10]]
[2023.03.23-17.27.14:957][  0]LogConfig: Setting CVar [[gc.AllowParallelGC:1]]
[2023.03.23-17.27.14:957][  0]LogConfig: Setting CVar [[gc.TimeBetweenPurgingPendingKillObjects:61.1]]
[2023.03.23-17.27.14:957][  0]LogConfig: Setting CVar [[gc.MaxObjectsInEditor:25165824]]
[2023.03.23-17.27.14:957][  0]LogConfig: Setting CVar [[gc.IncrementalBeginDestroyEnabled:1]]
[2023.03.23-17.27.14:957][  0]LogConfig: Setting CVar [[gc.CreateGCClusters:1]]
[2023.03.23-17.27.14:957][  0]LogConfig: Setting CVar [[gc.MinGCClusterSize:5]]
[2023.03.23-17.27.14:957][  0]LogConfig: Setting CVar [[gc.ActorClusteringEnabled:0]]
[2023.03.23-17.27.14:957][  0]LogConfig: Setting CVar [[gc.BlueprintClusteringEnabled:0]]
[2023.03.23-17.27.14:957][  0]LogConfig: Setting CVar [[gc.UseDisregardForGCOnDedicatedServers:0]]
[2023.03.23-17.27.14:957][  0]LogConfig: Setting CVar [[gc.MultithreadedDestructionEnabled:1]]
[2023.03.23-17.27.14:957][  0]LogConfig: Applying CVar settings from Section [/Script/Engine.NetworkSettings] File [C:/Users/rcano/OneDrive/Documentos/Unreal Projects/MyProject/Saved/Config/Windows/Engine.ini]
[2023.03.23-17.27.14:957][  0]LogConfig: Applying CVar settings from Section [/Script/UnrealEd.CookerSettings] File [C:/Users/rcano/OneDrive/Documentos/Unreal Projects/MyProject/Saved/Config/Windows/Engine.ini]
[2023.03.23-17.27.14:963][  0]LogConfig: Applying CVar settings from Section [ViewDistanceQuality@3] File [C:/Users/rcano/OneDrive/Documentos/Unreal Projects/MyProject/Saved/Config/Windows/Scalability.ini]
[2023.03.23-17.27.14:963][  0]LogConfig: Setting CVar [[r.SkeletalMeshLODBias:0]]
[2023.03.23-17.27.14:963][  0]LogConfig: Setting CVar [[r.ViewDistanceScale:1.0]]
[2023.03.23-17.27.14:964][  0]LogConfig: Applying CVar settings from Section [AntiAliasingQuality@3] File [C:/Users/rcano/OneDrive/Documentos/Unreal Projects/MyProject/Saved/Config/Windows/Scalability.ini]
[2023.03.23-17.27.14:964][  0]LogConfig: Setting CVar [[r.PostProcessAAQuality:4]]
[2023.03.23-17.27.14:964][  0]LogConfig: Applying CVar settings from Section [ShadowQuality@3] File [C:/Users/rcano/OneDrive/Documentos/Unreal Projects/MyProject/Saved/Config/Windows/Scalability.ini]
[2023.03.23-17.27.14:964][  0]LogConfig: Setting CVar [[r.LightFunctionQuality:1]]
[2023.03.23-17.27.14:964][  0]LogConfig: Setting CVar [[r.ShadowQuality:5]]
[2023.03.23-17.27.14:964][  0]LogConfig: Setting CVar [[r.Shadow.CSM.MaxCascades:10]]
[2023.03.23-17.27.14:964][  0]LogConfig: Setting CVar [[r.Shadow.MaxResolution:2048]]
[2023.03.23-17.27.14:964][  0]LogConfig: Setting CVar [[r.Shadow.MaxCSMResolution:2048]]
[2023.03.23-17.27.14:964][  0]LogConfig: Setting CVar [[r.Shadow.RadiusThreshold:0.01]]
[2023.03.23-17.27.14:964][  0]LogConfig: Setting CVar [[r.Shadow.DistanceScale:1.0]]
[2023.03.23-17.27.14:964][  0]LogConfig: Setting CVar [[r.Shadow.CSM.TransitionScale:1.0]]
[2023.03.23-17.27.14:964][  0]LogConfig: Setting CVar [[r.Shadow.PreShadowResolutionFactor:1.0]]
[2023.03.23-17.27.14:964][  0]LogConfig: Setting CVar [[r.DistanceFieldShadowing:1]]
[2023.03.23-17.27.14:964][  0]LogConfig: Setting CVar [[r.DistanceFieldAO:1]]
[2023.03.23-17.27.14:964][  0]LogConfig: Setting CVar [[r.AOQuality:2]]
[2023.03.23-17.27.14:964][  0]LogConfig: Setting CVar [[r.VolumetricFog:1]]
[2023.03.23-17.27.14:964][  0]LogConfig: Setting CVar [[r.VolumetricFog.GridPixelSize:8]]
[2023.03.23-17.27.14:964][  0]LogConfig: Setting CVar [[r.VolumetricFog.GridSizeZ:128]]
[2023.03.23-17.27.14:964][  0]LogConfig: Setting CVar [[r.VolumetricFog.HistoryMissSupersampleCount:4]]
[2023.03.23-17.27.14:964][  0]LogConfig: Setting CVar [[r.LightMaxDrawDistanceScale:1]]
[2023.03.23-17.27.14:964][  0]LogConfig: Setting CVar [[r.CapsuleShadows:1]]
[2023.03.23-17.27.14:964][  0]LogConfig: Applying CVar settings from Section [PostProcessQuality@3] File [C:/Users/rcano/OneDrive/Documentos/Unreal Projects/MyProject/Saved/Config/Windows/Scalability.ini]
[2023.03.23-17.27.14:964][  0]LogConfig: Setting CVar [[r.MotionBlurQuality:4]]
[2023.03.23-17.27.14:964][  0]LogConfig: Setting CVar [[r.AmbientOcclusionMipLevelFactor:0.4]]
[2023.03.23-17.27.14:964][  0]LogConfig: Setting CVar [[r.AmbientOcclusionMaxQuality:100]]
[2023.03.23-17.27.14:964][  0]LogConfig: Setting CVar [[r.AmbientOcclusionLevels:-1]]
[2023.03.23-17.27.14:964][  0]LogConfig: Setting CVar [[r.AmbientOcclusionRadiusScale:1.0]]
[2023.03.23-17.27.14:964][  0]LogConfig: Setting CVar [[r.DepthOfFieldQuality:2]]
[2023.03.23-17.27.14:964][  0]LogConfig: Setting CVar [[r.RenderTargetPoolMin:400]]
[2023.03.23-17.27.14:964][  0]LogConfig: Setting CVar [[r.LensFlareQuality:2]]
[2023.03.23-17.27.14:964][  0]LogConfig: Setting CVar [[r.SceneColorFringeQuality:1]]
[2023.03.23-17.27.14:964][  0]LogConfig: Setting CVar [[r.EyeAdaptationQuality:2]]
[2023.03.23-17.27.14:964][  0]LogConfig: Setting CVar [[r.BloomQuality:5]]
[2023.03.23-17.27.14:964][  0]LogConfig: Setting CVar [[r.FastBlurThreshold:100]]
[2023.03.23-17.27.14:964][  0]LogConfig: Setting CVar [[r.Upscale.Quality:3]]
[2023.03.23-17.27.14:964][  0]LogConfig: Setting CVar [[r.Tonemapper.GrainQuantization:1]]
[2023.03.23-17.27.14:964][  0]LogConfig: Setting CVar [[r.LightShaftQuality:1]]
[2023.03.23-17.27.14:964][  0]LogConfig: Setting CVar [[r.Filter.SizeScale:1]]
[2023.03.23-17.27.14:964][  0]LogConfig: Setting CVar [[r.Tonemapper.Quality:5]]
[2023.03.23-17.27.14:964][  0]LogConfig: Setting CVar [[r.DOF.Gather.AccumulatorQuality:1        ; higher gathering accumulator quality]]
[2023.03.23-17.27.14:964][  0]LogConfig: Setting CVar [[r.DOF.Gather.PostfilterMethod:1          ; Median3x3 postfilering method]]
[2023.03.23-17.27.14:964][  0]LogConfig: Setting CVar [[r.DOF.Gather.EnableBokehSettings:0       ; no bokeh simulation when gathering]]
[2023.03.23-17.27.14:964][  0]LogConfig: Setting CVar [[r.DOF.Gather.RingCount:4                 ; medium number of samples when gathering]]
[2023.03.23-17.27.14:964][  0]LogConfig: Setting CVar [[r.DOF.Scatter.ForegroundCompositing:1    ; additive foreground scattering]]
[2023.03.23-17.27.14:964][  0]LogConfig: Setting CVar [[r.DOF.Scatter.BackgroundCompositing:2    ; additive background scattering]]
[2023.03.23-17.27.14:964][  0]LogConfig: Setting CVar [[r.DOF.Scatter.EnableBokehSettings:1      ; bokeh simulation when scattering]]
[2023.03.23-17.27.14:964][  0]LogConfig: Setting CVar [[r.DOF.Scatter.MaxSpriteRatio:0.1         ; only a maximum of 10% of scattered bokeh]]
[2023.03.23-17.27.14:964][  0]LogConfig: Setting CVar [[r.DOF.Recombine.Quality:1                ; cheap slight out of focus]]
[2023.03.23-17.27.14:964][  0]LogConfig: Setting CVar [[r.DOF.Recombine.EnableBokehSettings:0    ; no bokeh simulation on slight out of focus]]
[2023.03.23-17.27.14:964][  0]LogConfig: Setting CVar [[r.DOF.TemporalAAQuality:1                ; more stable temporal accumulation]]
[2023.03.23-17.27.14:964][  0]LogConfig: Setting CVar [[r.DOF.Kernel.MaxForegroundRadius:0.025]]
[2023.03.23-17.27.14:964][  0]LogConfig: Setting CVar [[r.DOF.Kernel.MaxBackgroundRadius:0.025]]
[2023.03.23-17.27.14:964][  0]LogConfig: Applying CVar settings from Section [TextureQuality@3] File [C:/Users/rcano/OneDrive/Documentos/Unreal Projects/MyProject/Saved/Config/Windows/Scalability.ini]
[2023.03.23-17.27.14:964][  0]LogConfig: Setting CVar [[r.Streaming.MipBias:0]]
[2023.03.23-17.27.14:964][  0]LogConfig: Setting CVar [[r.Streaming.AmortizeCPUToGPUCopy:0]]
[2023.03.23-17.27.14:964][  0]LogConfig: Setting CVar [[r.Streaming.MaxNumTexturesToStreamPerFrame:0]]
[2023.03.23-17.27.14:964][  0]LogConfig: Setting CVar [[r.Streaming.Boost:1]]
[2023.03.23-17.27.14:964][  0]LogConfig: Setting CVar [[r.MaxAnisotropy:8]]
[2023.03.23-17.27.14:964][  0]LogConfig: Setting CVar [[r.VT.MaxAnisotropy:8]]
[2023.03.23-17.27.14:964][  0]LogConfig: Setting CVar [[r.Streaming.LimitPoolSizeToVRAM:0]]
[2023.03.23-17.27.14:964][  0]LogConfig: Setting CVar [[r.Streaming.PoolSize:1000]]
[2023.03.23-17.27.14:964][  0]LogConfig: Setting CVar [[r.Streaming.MaxEffectiveScreenSize:0]]
[2023.03.23-17.27.14:964][  0]LogConfig: Applying CVar settings from Section [EffectsQuality@3] File [C:/Users/rcano/OneDrive/Documentos/Unreal Projects/MyProject/Saved/Config/Windows/Scalability.ini]
[2023.03.23-17.27.14:964][  0]LogConfig: Setting CVar [[r.TranslucencyLightingVolumeDim:64]]
[2023.03.23-17.27.14:964][  0]LogConfig: Setting CVar [[r.RefractionQuality:2]]
[2023.03.23-17.27.14:964][  0]LogConfig: Setting CVar [[r.SSR.Quality:3]]
[2023.03.23-17.27.14:964][  0]LogConfig: Setting CVar [[r.SSR.HalfResSceneColor:0]]
[2023.03.23-17.27.14:964][  0]LogConfig: Setting CVar [[r.SceneColorFormat:4]]
[2023.03.23-17.27.14:964][  0]LogConfig: Setting CVar [[r.DetailMode:2]]
[2023.03.23-17.27.14:964][  0]LogConfig: Setting CVar [[r.TranslucencyVolumeBlur:1]]
[2023.03.23-17.27.14:964][  0]LogConfig: Setting CVar [[r.MaterialQualityLevel:1 ; High quality]]
[2023.03.23-17.27.14:964][  0]LogConfig: Setting CVar [[r.AnisotropicMaterials:1]]
[2023.03.23-17.27.14:964][  0]LogConfig: Setting CVar [[r.SSS.Scale:1]]
[2023.03.23-17.27.14:964][  0]LogConfig: Setting CVar [[r.SSS.SampleSet:2]]
[2023.03.23-17.27.14:964][  0]LogConfig: Setting CVar [[r.SSS.Quality:1]]
[2023.03.23-17.27.14:964][  0]LogConfig: Setting CVar [[r.SSS.HalfRes:0]]
[2023.03.23-17.27.14:964][  0]LogConfig: Setting CVar [[r.SSGI.Quality:3]]
[2023.03.23-17.27.14:964][  0]LogConfig: Setting CVar [[r.EmitterSpawnRateScale:1.0]]
[2023.03.23-17.27.14:964][  0]LogConfig: Setting CVar [[r.ParticleLightQuality:2]]
[2023.03.23-17.27.14:964][  0]LogConfig: Setting CVar [[r.SkyAtmosphere.AerialPerspectiveLUT.FastApplyOnOpaque:1 ; Always have FastSkyLUT 1 in this case to avoid wrong sky]]
[2023.03.23-17.27.14:964][  0]LogConfig: Setting CVar [[r.SkyAtmosphere.AerialPerspectiveLUT.SampleCountMaxPerSlice:4]]
[2023.03.23-17.27.14:964][  0]LogConfig: Setting CVar [[r.SkyAtmosphere.AerialPerspectiveLUT.DepthResolution:16.0]]
[2023.03.23-17.27.14:964][  0]LogConfig: Setting CVar [[r.SkyAtmosphere.FastSkyLUT:1]]
[2023.03.23-17.27.14:964][  0]LogConfig: Setting CVar [[r.SkyAtmosphere.FastSkyLUT.SampleCountMin:4.0]]
[2023.03.23-17.27.14:964][  0]LogConfig: Setting CVar [[r.SkyAtmosphere.FastSkyLUT.SampleCountMax:128.0]]
[2023.03.23-17.27.14:964][  0]LogConfig: Setting CVar [[r.SkyAtmosphere.SampleCountMin:4.0]]
[2023.03.23-17.27.14:964][  0]LogConfig: Setting CVar [[r.SkyAtmosphere.SampleCountMax:128.0]]
[2023.03.23-17.27.14:964][  0]LogConfig: Setting CVar [[r.SkyAtmosphere.TransmittanceLUT.UseSmallFormat:0]]
[2023.03.23-17.27.14:964][  0]LogConfig: Setting CVar [[r.SkyAtmosphere.TransmittanceLUT.SampleCount:10.0]]
[2023.03.23-17.27.14:964][  0]LogConfig: Setting CVar [[r.SkyAtmosphere.MultiScatteringLUT.SampleCount:15.0]]
[2023.03.23-17.27.14:964][  0]LogConfig: Setting CVar [[r.SkyLight.RealTimeReflectionCapture:1]]
[2023.03.23-17.27.14:964][  0]LogConfig: Applying CVar settings from Section [FoliageQuality@3] File [C:/Users/rcano/OneDrive/Documentos/Unreal Projects/MyProject/Saved/Config/Windows/Scalability.ini]
[2023.03.23-17.27.14:964][  0]LogConfig: Setting CVar [[foliage.DensityScale:1.0]]
[2023.03.23-17.27.14:964][  0]LogConfig: Setting CVar [[grass.DensityScale:1.0]]
[2023.03.23-17.27.14:964][  0]LogConfig: Applying CVar settings from Section [ShadingQuality@3] File [C:/Users/rcano/OneDrive/Documentos/Unreal Projects/MyProject/Saved/Config/Windows/Scalability.ini]
[2023.03.23-17.27.14:964][  0]LogConfig: Setting CVar [[r.HairStrands.SkyLighting.IntegrationType:2]]
[2023.03.23-17.27.14:964][  0]LogConfig: Setting CVar [[r.HairStrands.SkyAO.SampleCount:4]]
[2023.03.23-17.27.14:964][  0]LogConfig: Setting CVar [[r.HairStrands.Visibility.MSAA.SamplePerPixel:4]]
[2023.03.23-17.27.14:964][  0]LogInit: Selected Device Profile: [Windows]
[2023.03.23-17.27.14:964][  0]LogInit: Applying CVar settings loaded from the selected device profile: [Windows]
[2023.03.23-17.27.14:964][  0]LogHAL: Display: Platform has ~ 16 GB [16965230592 / 17179869184 / 16], which maps to Larger [LargestMinGB=32, LargerMinGB=12, DefaultMinGB=8, SmallerMinGB=6, SmallestMinGB=0)
[2023.03.23-17.27.14:964][  0]LogInit: Going up to parent DeviceProfile []
[2023.03.23-17.27.14:964][  0]LogConfig: Applying CVar settings from Section [ViewDistanceQuality@3] File [C:/Users/rcano/OneDrive/Documentos/Unreal Projects/MyProject/Saved/Config/Windows/Scalability.ini]
[2023.03.23-17.27.14:964][  0]LogConfig: Setting CVar [[r.SkeletalMeshLODBias:0]]
[2023.03.23-17.27.14:964][  0]LogConfig: Setting CVar [[r.ViewDistanceScale:1.0]]
[2023.03.23-17.27.14:964][  0]LogConfig: Applying CVar settings from Section [AntiAliasingQuality@3] File [C:/Users/rcano/OneDrive/Documentos/Unreal Projects/MyProject/Saved/Config/Windows/Scalability.ini]
[2023.03.23-17.27.14:964][  0]LogConfig: Setting CVar [[r.PostProcessAAQuality:4]]
[2023.03.23-17.27.14:964][  0]LogConfig: Applying CVar settings from Section [ShadowQuality@3] File [C:/Users/rcano/OneDrive/Documentos/Unreal Projects/MyProject/Saved/Config/Windows/Scalability.ini]
[2023.03.23-17.27.14:964][  0]LogConfig: Setting CVar [[r.LightFunctionQuality:1]]
[2023.03.23-17.27.14:964][  0]LogConfig: Setting CVar [[r.ShadowQuality:5]]
[2023.03.23-17.27.14:964][  0]LogConfig: Setting CVar [[r.Shadow.CSM.MaxCascades:10]]
[2023.03.23-17.27.14:964][  0]LogConfig: Setting CVar [[r.Shadow.MaxResolution:2048]]
[2023.03.23-17.27.14:964][  0]LogConfig: Setting CVar [[r.Shadow.MaxCSMResolution:2048]]
[2023.03.23-17.27.14:964][  0]LogConfig: Setting CVar [[r.Shadow.RadiusThreshold:0.01]]
[2023.03.23-17.27.14:964][  0]LogConfig: Setting CVar [[r.Shadow.DistanceScale:1.0]]
[2023.03.23-17.27.14:964][  0]LogConfig: Setting CVar [[r.Shadow.CSM.TransitionScale:1.0]]
[2023.03.23-17.27.14:964][  0]LogConfig: Setting CVar [[r.Shadow.PreShadowResolutionFactor:1.0]]
[2023.03.23-17.27.14:964][  0]LogConfig: Setting CVar [[r.DistanceFieldShadowing:1]]
[2023.03.23-17.27.14:964][  0]LogConfig: Setting CVar [[r.DistanceFieldAO:1]]
[2023.03.23-17.27.14:964][  0]LogConfig: Setting CVar [[r.AOQuality:2]]
[2023.03.23-17.27.14:964][  0]LogConfig: Setting CVar [[r.VolumetricFog:1]]
[2023.03.23-17.27.14:964][  0]LogConfig: Setting CVar [[r.VolumetricFog.GridPixelSize:8]]
[2023.03.23-17.27.14:964][  0]LogConfig: Setting CVar [[r.VolumetricFog.GridSizeZ:128]]
[2023.03.23-17.27.14:964][  0]LogConfig: Setting CVar [[r.VolumetricFog.HistoryMissSupersampleCount:4]]
[2023.03.23-17.27.14:965][  0]LogConfig: Setting CVar [[r.LightMaxDrawDistanceScale:1]]
[2023.03.23-17.27.14:965][  0]LogConfig: Setting CVar [[r.CapsuleShadows:1]]
[2023.03.23-17.27.14:965][  0]LogConfig: Applying CVar settings from Section [PostProcessQuality@3] File [C:/Users/rcano/OneDrive/Documentos/Unreal Projects/MyProject/Saved/Config/Windows/Scalability.ini]
[2023.03.23-17.27.14:965][  0]LogConfig: Setting CVar [[r.MotionBlurQuality:4]]
[2023.03.23-17.27.14:965][  0]LogConfig: Setting CVar [[r.AmbientOcclusionMipLevelFactor:0.4]]
[2023.03.23-17.27.14:965][  0]LogConfig: Setting CVar [[r.AmbientOcclusionMaxQuality:100]]
[2023.03.23-17.27.14:965][  0]LogConfig: Setting CVar [[r.AmbientOcclusionLevels:-1]]
[2023.03.23-17.27.14:965][  0]LogConfig: Setting CVar [[r.AmbientOcclusionRadiusScale:1.0]]
[2023.03.23-17.27.14:965][  0]LogConfig: Setting CVar [[r.DepthOfFieldQuality:2]]
[2023.03.23-17.27.14:965][  0]LogConfig: Setting CVar [[r.RenderTargetPoolMin:400]]
[2023.03.23-17.27.14:965][  0]LogConfig: Setting CVar [[r.LensFlareQuality:2]]
[2023.03.23-17.27.14:965][  0]LogConfig: Setting CVar [[r.SceneColorFringeQuality:1]]
[2023.03.23-17.27.14:965][  0]LogConfig: Setting CVar [[r.EyeAdaptationQuality:2]]
[2023.03.23-17.27.14:965][  0]LogConfig: Setting CVar [[r.BloomQuality:5]]
[2023.03.23-17.27.14:965][  0]LogConfig: Setting CVar [[r.FastBlurThreshold:100]]
[2023.03.23-17.27.14:965][  0]LogConfig: Setting CVar [[r.Upscale.Quality:3]]
[2023.03.23-17.27.14:965][  0]LogConfig: Setting CVar [[r.Tonemapper.GrainQuantization:1]]
[2023.03.23-17.27.14:965][  0]LogConfig: Setting CVar [[r.LightShaftQuality:1]]
[2023.03.23-17.27.14:965][  0]LogConfig: Setting CVar [[r.Filter.SizeScale:1]]
[2023.03.23-17.27.14:965][  0]LogConfig: Setting CVar [[r.Tonemapper.Quality:5]]
[2023.03.23-17.27.14:965][  0]LogConfig: Setting CVar [[r.DOF.Gather.AccumulatorQuality:1        ; higher gathering accumulator quality]]
[2023.03.23-17.27.14:965][  0]LogConfig: Setting CVar [[r.DOF.Gather.PostfilterMethod:1          ; Median3x3 postfilering method]]
[2023.03.23-17.27.14:965][  0]LogConfig: Setting CVar [[r.DOF.Gather.EnableBokehSettings:0       ; no bokeh simulation when gathering]]
[2023.03.23-17.27.14:965][  0]LogConfig: Setting CVar [[r.DOF.Gather.RingCount:4                 ; medium number of samples when gathering]]
[2023.03.23-17.27.14:965][  0]LogConfig: Setting CVar [[r.DOF.Scatter.ForegroundCompositing:1    ; additive foreground scattering]]
[2023.03.23-17.27.14:965][  0]LogConfig: Setting CVar [[r.DOF.Scatter.BackgroundCompositing:2    ; additive background scattering]]
[2023.03.23-17.27.14:965][  0]LogConfig: Setting CVar [[r.DOF.Scatter.EnableBokehSettings:1      ; bokeh simulation when scattering]]
[2023.03.23-17.27.14:965][  0]LogConfig: Setting CVar [[r.DOF.Scatter.MaxSpriteRatio:0.1         ; only a maximum of 10% of scattered bokeh]]
[2023.03.23-17.27.14:965][  0]LogConfig: Setting CVar [[r.DOF.Recombine.Quality:1                ; cheap slight out of focus]]
[2023.03.23-17.27.14:965][  0]LogConfig: Setting CVar [[r.DOF.Recombine.EnableBokehSettings:0    ; no bokeh simulation on slight out of focus]]
[2023.03.23-17.27.14:965][  0]LogConfig: Setting CVar [[r.DOF.TemporalAAQuality:1                ; more stable temporal accumulation]]
[2023.03.23-17.27.14:965][  0]LogConfig: Setting CVar [[r.DOF.Kernel.MaxForegroundRadius:0.025]]
[2023.03.23-17.27.14:965][  0]LogConfig: Setting CVar [[r.DOF.Kernel.MaxBackgroundRadius:0.025]]
[2023.03.23-17.27.14:965][  0]LogConfig: Applying CVar settings from Section [TextureQuality@3] File [C:/Users/rcano/OneDrive/Documentos/Unreal Projects/MyProject/Saved/Config/Windows/Scalability.ini]
[2023.03.23-17.27.14:965][  0]LogConfig: Setting CVar [[r.Streaming.MipBias:0]]
[2023.03.23-17.27.14:965][  0]LogConfig: Setting CVar [[r.Streaming.AmortizeCPUToGPUCopy:0]]
[2023.03.23-17.27.14:965][  0]LogConfig: Setting CVar [[r.Streaming.MaxNumTexturesToStreamPerFrame:0]]
[2023.03.23-17.27.14:965][  0]LogConfig: Setting CVar [[r.Streaming.Boost:1]]
[2023.03.23-17.27.14:965][  0]LogConfig: Setting CVar [[r.MaxAnisotropy:8]]
[2023.03.23-17.27.14:965][  0]LogConfig: Setting CVar [[r.VT.MaxAnisotropy:8]]
[2023.03.23-17.27.14:965][  0]LogConfig: Setting CVar [[r.Streaming.LimitPoolSizeToVRAM:0]]
[2023.03.23-17.27.14:965][  0]LogConfig: Setting CVar [[r.Streaming.PoolSize:1000]]
[2023.03.23-17.27.14:965][  0]LogConfig: Setting CVar [[r.Streaming.MaxEffectiveScreenSize:0]]
[2023.03.23-17.27.14:965][  0]LogConfig: Applying CVar settings from Section [EffectsQuality@3] File [C:/Users/rcano/OneDrive/Documentos/Unreal Projects/MyProject/Saved/Config/Windows/Scalability.ini]
[2023.03.23-17.27.14:965][  0]LogConfig: Setting CVar [[r.TranslucencyLightingVolumeDim:64]]
[2023.03.23-17.27.14:965][  0]LogConfig: Setting CVar [[r.RefractionQuality:2]]
[2023.03.23-17.27.14:965][  0]LogConfig: Setting CVar [[r.SSR.Quality:3]]
[2023.03.23-17.27.14:965][  0]LogConfig: Setting CVar [[r.SSR.HalfResSceneColor:0]]
[2023.03.23-17.27.14:965][  0]LogConfig: Setting CVar [[r.SceneColorFormat:4]]
[2023.03.23-17.27.14:965][  0]LogConfig: Setting CVar [[r.DetailMode:2]]
[2023.03.23-17.27.14:965][  0]LogConfig: Setting CVar [[r.TranslucencyVolumeBlur:1]]
[2023.03.23-17.27.14:965][  0]LogConfig: Setting CVar [[r.MaterialQualityLevel:1 ; High quality]]
[2023.03.23-17.27.14:965][  0]LogConfig: Setting CVar [[r.AnisotropicMaterials:1]]
[2023.03.23-17.27.14:965][  0]LogConfig: Setting CVar [[r.SSS.Scale:1]]
[2023.03.23-17.27.14:965][  0]LogConfig: Setting CVar [[r.SSS.SampleSet:2]]
[2023.03.23-17.27.14:965][  0]LogConfig: Setting CVar [[r.SSS.Quality:1]]
[2023.03.23-17.27.14:965][  0]LogConfig: Setting CVar [[r.SSS.HalfRes:0]]
[2023.03.23-17.27.14:965][  0]LogConfig: Setting CVar [[r.SSGI.Quality:3]]
[2023.03.23-17.27.14:965][  0]LogConfig: Setting CVar [[r.EmitterSpawnRateScale:1.0]]
[2023.03.23-17.27.14:965][  0]LogConfig: Setting CVar [[r.ParticleLightQuality:2]]
[2023.03.23-17.27.14:965][  0]LogConfig: Setting CVar [[r.SkyAtmosphere.AerialPerspectiveLUT.FastApplyOnOpaque:1 ; Always have FastSkyLUT 1 in this case to avoid wrong sky]]
[2023.03.23-17.27.14:965][  0]LogConfig: Setting CVar [[r.SkyAtmosphere.AerialPerspectiveLUT.SampleCountMaxPerSlice:4]]
[2023.03.23-17.27.14:965][  0]LogConfig: Setting CVar [[r.SkyAtmosphere.AerialPerspectiveLUT.DepthResolution:16.0]]
[2023.03.23-17.27.14:965][  0]LogConfig: Setting CVar [[r.SkyAtmosphere.FastSkyLUT:1]]
[2023.03.23-17.27.14:965][  0]LogConfig: Setting CVar [[r.SkyAtmosphere.FastSkyLUT.SampleCountMin:4.0]]
[2023.03.23-17.27.14:965][  0]LogConfig: Setting CVar [[r.SkyAtmosphere.FastSkyLUT.SampleCountMax:128.0]]
[2023.03.23-17.27.14:965][  0]LogConfig: Setting CVar [[r.SkyAtmosphere.SampleCountMin:4.0]]
[2023.03.23-17.27.14:965][  0]LogConfig: Setting CVar [[r.SkyAtmosphere.SampleCountMax:128.0]]
[2023.03.23-17.27.14:965][  0]LogConfig: Setting CVar [[r.SkyAtmosphere.TransmittanceLUT.UseSmallFormat:0]]
[2023.03.23-17.27.14:965][  0]LogConfig: Setting CVar [[r.SkyAtmosphere.TransmittanceLUT.SampleCount:10.0]]
[2023.03.23-17.27.14:965][  0]LogConfig: Setting CVar [[r.SkyAtmosphere.MultiScatteringLUT.SampleCount:15.0]]
[2023.03.23-17.27.14:965][  0]LogConfig: Setting CVar [[r.SkyLight.RealTimeReflectionCapture:1]]
[2023.03.23-17.27.14:965][  0]LogConfig: Applying CVar settings from Section [FoliageQuality@3] File [C:/Users/rcano/OneDrive/Documentos/Unreal Projects/MyProject/Saved/Config/Windows/Scalability.ini]
[2023.03.23-17.27.14:965][  0]LogConfig: Setting CVar [[foliage.DensityScale:1.0]]
[2023.03.23-17.27.14:965][  0]LogConfig: Setting CVar [[grass.DensityScale:1.0]]
[2023.03.23-17.27.14:965][  0]LogConfig: Applying CVar settings from Section [ShadingQuality@3] File [C:/Users/rcano/OneDrive/Documentos/Unreal Projects/MyProject/Saved/Config/Windows/Scalability.ini]
[2023.03.23-17.27.14:965][  0]LogConfig: Setting CVar [[r.HairStrands.SkyLighting.IntegrationType:2]]
[2023.03.23-17.27.14:965][  0]LogConfig: Setting CVar [[r.HairStrands.SkyAO.SampleCount:4]]
[2023.03.23-17.27.14:965][  0]LogConfig: Setting CVar [[r.HairStrands.Visibility.MSAA.SamplePerPixel:4]]
[2023.03.23-17.27.14:965][  0]LogConfig: Applying CVar settings from Section [Startup] File [../../../Engine/Config/ConsoleVariables.ini]
[2023.03.23-17.27.14:966][  0]LogConfig: Setting CVar [[net.UseAdaptiveNetUpdateFrequency:0]]
[2023.03.23-17.27.14:966][  0]LogConfig: Setting CVar [[p.chaos.AllowCreatePhysxBodies:1]]
[2023.03.23-17.27.14:966][  0]LogConfig: Setting CVar [[fx.SkipVectorVMBackendOptimizations:1]]
[2023.03.23-17.27.14:966][  0]LogConfig: Applying CVar settings from Section [ConsoleVariables] File [C:/Users/rcano/OneDrive/Documentos/Unreal Projects/MyProject/Saved/Config/Windows/Engine.ini]
[2023.03.23-17.27.14:966][  0]LogConfig: Applying CVar settings from Section [ConsoleVariables] File [C:/Users/rcano/OneDrive/Documentos/Unreal Projects/MyProject/Saved/Config/Windows/Editor.ini]
[2023.03.23-17.27.14:966][  0]LogInit: Computer: DESKTOP-4MCE13P
[2023.03.23-17.27.14:966][  0]LogInit: User: rcano
[2023.03.23-17.27.14:966][  0]LogInit: CPU Page size=4096, Cores=4
[2023.03.23-17.27.14:966][  0]LogInit: High frequency timer resolution =10.000000 MHz
[2023.03.23-17.27.14:966][  0]LogMemory: Memory total: Physical=15.8GB (16GB approx)
[2023.03.23-17.27.14:966][  0]LogMemory: Platform Memory Stats for Windows
[2023.03.23-17.27.14:966][  0]LogMemory: Process Physical Memory: 144.36 MB used, 144.36 MB peak
[2023.03.23-17.27.14:966][  0]LogMemory: Process Virtual Memory: 130.62 MB used, 130.62 MB peak
[2023.03.23-17.27.14:966][  0]LogMemory: Physical Memory: 12459.68 MB used,  3719.62 MB free, 16179.30 MB total
[2023.03.23-17.27.14:966][  0]LogMemory: Virtual Memory: 134213864.00 MB used,  3863.48 MB free, 134217728.00 MB total
[2023.03.23-17.27.14:971][  0]LogWindows: WindowsPlatformFeatures enabled
[2023.03.23-17.27.15:002][  0]LogInit: Physics initialised using underlying interface: PhysX
[2023.03.23-17.27.15:003][  0]LogInit: Overriding language with editor language configuration option (en).
[2023.03.23-17.27.15:003][  0]LogInit: Overriding language with editor locale configuration option (en).
[2023.03.23-17.27.15:184][  0]LogInit: Setting process to per monitor DPI aware
[2023.03.23-17.27.15:199][  0]LogWindowsTextInputMethodSystem: Display: IME system deactivated.
[2023.03.23-17.27.15:214][  0]LogSlate: New Slate User Created.  User Index 0, Is Virtual User: 0
[2023.03.23-17.27.15:214][  0]LogSlate: Slate User Registered.  User Index 0, Is Virtual User: 0
[2023.03.23-17.27.15:354][  0]LogD3D11RHI: Loaded GFSDK_Aftermath_Lib.x64.dll
[2023.03.23-17.27.15:388][  0]LogHMD: Failed to initialize OpenVR with code 110
[2023.03.23-17.27.15:388][  0]LogD3D11RHI: D3D11 min allowed feature level: 11_0
[2023.03.23-17.27.15:388][  0]LogD3D11RHI: D3D11 max allowed feature level: 11_0
[2023.03.23-17.27.15:388][  0]LogD3D11RHI: D3D11 adapters:
[2023.03.23-17.27.15:487][  0]LogD3D11RHI:    0. 'NVIDIA GeForce GTX 1650' (Feature Level 11_0)
[2023.03.23-17.27.15:487][  0]LogD3D11RHI:       3950/0/8089 MB DedicatedVideo/DedicatedSystem/SharedSystem, Outputs:1, VendorId:0x10de
[2023.03.23-17.27.15:541][  0]LogD3D11RHI:    1. 'Intel(R) Iris(R) Xe Graphics' (Feature Level 11_0)
[2023.03.23-17.27.15:541][  0]LogD3D11RHI:       128/0/8089 MB DedicatedVideo/DedicatedSystem/SharedSystem, Outputs:0, VendorId:0x8086
[2023.03.23-17.27.15:542][  0]LogD3D11RHI:    2. 'Microsoft Basic Render Driver' (Feature Level 11_0)
[2023.03.23-17.27.15:542][  0]LogD3D11RHI:       0/0/8089 MB DedicatedVideo/DedicatedSystem/SharedSystem, Outputs:0, VendorId:0x1414
[2023.03.23-17.27.15:542][  0]LogD3D11RHI: Chosen D3D11 Adapter:
[2023.03.23-17.27.15:542][  0]LogD3D11RHI:     Description : NVIDIA GeForce GTX 1650
[2023.03.23-17.27.15:542][  0]LogD3D11RHI:     VendorId    : 10de
[2023.03.23-17.27.15:542][  0]LogD3D11RHI:     DeviceId    : 1f9d
[2023.03.23-17.27.15:542][  0]LogD3D11RHI:     SubSysId    : 15301025
[2023.03.23-17.27.15:542][  0]LogD3D11RHI:     Revision    : 00a1
[2023.03.23-17.27.15:542][  0]LogD3D11RHI:     DedicatedVideoMemory : 4141875200 bytes
[2023.03.23-17.27.15:542][  0]LogD3D11RHI:     DedicatedSystemMemory : 0 bytes
[2023.03.23-17.27.15:542][  0]LogD3D11RHI:     SharedSystemMemory : 8482615296 bytes
[2023.03.23-17.27.15:542][  0]LogD3D11RHI:     AdapterLuid : 0 80268
[2023.03.23-17.27.15:549][  0]LogD3D11RHI: Creating new Direct3DDevice
[2023.03.23-17.27.15:549][  0]LogD3D11RHI:     GPU DeviceId: 0x1f9d (for the marketing name, search the web for "GPU Device Id")
[2023.03.23-17.27.15:549][  0]LogWindows: EnumDisplayDevices:
[2023.03.23-17.27.15:549][  0]LogWindows:    0. 'Intel(R) Iris(R) Xe Graphics' (P:1 D:1)
[2023.03.23-17.27.15:549][  0]LogWindows:    1. 'Intel(R) Iris(R) Xe Graphics' (P:0 D:0)
[2023.03.23-17.27.15:549][  0]LogWindows:    2. 'Intel(R) Iris(R) Xe Graphics' (P:0 D:0)
[2023.03.23-17.27.15:549][  0]LogWindows:    3. 'Intel(R) Iris(R) Xe Graphics' (P:0 D:0)
[2023.03.23-17.27.15:549][  0]LogWindows:    4. 'NVIDIA GeForce GTX 1650' (P:0 D:0)
[2023.03.23-17.27.15:550][  0]LogWindows: DebugString: PrimaryIsNotTheChoosenAdapter PrimaryIsNotTheChoosenAdapter PrimaryIsNotTheChoosenAdapter PrimaryIsNotTheChoosenAdapter 
[2023.03.23-17.27.15:550][  0]LogD3D11RHI:     Adapter Name: NVIDIA GeForce GTX 1650
[2023.03.23-17.27.15:550][  0]LogD3D11RHI:   Driver Version: 528.49 (internal:31.0.15.2849, unified:528.49)
[2023.03.23-17.27.15:550][  0]LogD3D11RHI:      Driver Date: 2-2-2023
[2023.03.23-17.27.15:550][  0]LogRHI: Texture pool is 2765 MB (70% of 3950 MB)
[2023.03.23-17.27.15:550][  0]LogD3D11RHI: Creating D3DDevice using adapter:
[2023.03.23-17.27.15:550][  0]LogD3D11RHI:     Description : NVIDIA GeForce GTX 1650
[2023.03.23-17.27.15:550][  0]LogD3D11RHI:     VendorId    : 10de
[2023.03.23-17.27.15:550][  0]LogD3D11RHI:     DeviceId    : 1f9d
[2023.03.23-17.27.15:550][  0]LogD3D11RHI:     SubSysId    : 15301025
[2023.03.23-17.27.15:550][  0]LogD3D11RHI:     Revision    : 00a1
[2023.03.23-17.27.15:550][  0]LogD3D11RHI:     DedicatedVideoMemory : 4141875200 bytes
[2023.03.23-17.27.15:550][  0]LogD3D11RHI:     DedicatedSystemMemory : 0 bytes
[2023.03.23-17.27.15:550][  0]LogD3D11RHI:     SharedSystemMemory : 8482615296 bytes
[2023.03.23-17.27.15:550][  0]LogD3D11RHI:     AdapterLuid : 0 80268
[2023.03.23-17.27.15:613][  0]LogD3D11RHI: RHI has support for 64 bit atomics
[2023.03.23-17.27.15:614][  0]LogD3D11RHI: Async texture creation enabled
[2023.03.23-17.27.15:614][  0]LogD3D11RHI: Array index from any shader is supported
[2023.03.23-17.27.15:670][  0]LogD3D11RHI: GPU Timing Frequency: 1000.000000 (Debug: 2 2)
[2023.03.23-17.27.15:691][  0]LogRHI: GeForceNow SDK initialized: 1
[2023.03.23-17.27.16:026][  0]LogTargetPlatformManager: Display: Loaded TargetPlatform 'AllDesktop'
[2023.03.23-17.27.16:056][  0]LogTargetPlatformManager: Display: Loaded TargetPlatform 'Android'
[2023.03.23-17.27.16:056][  0]LogTargetPlatformManager: Display: Loaded TargetPlatform 'Android_ASTC'
[2023.03.23-17.27.16:056][  0]LogTargetPlatformManager: Display: Loaded TargetPlatform 'Android_DXT'
[2023.03.23-17.27.16:056][  0]LogTargetPlatformManager: Display: Loaded TargetPlatform 'Android_ETC2'
[2023.03.23-17.27.16:056][  0]LogTargetPlatformManager: Display: Loaded TargetPlatform 'AndroidClient'
[2023.03.23-17.27.16:056][  0]LogTargetPlatformManager: Display: Loaded TargetPlatform 'Android_ASTCClient'
[2023.03.23-17.27.16:056][  0]LogTargetPlatformManager: Display: Loaded TargetPlatform 'Android_DXTClient'
[2023.03.23-17.27.16:056][  0]LogTargetPlatformManager: Display: Loaded TargetPlatform 'Android_ETC2Client'
[2023.03.23-17.27.16:056][  0]LogTargetPlatformManager: Display: Loaded TargetPlatform 'Android_Multi'
[2023.03.23-17.27.16:056][  0]LogTargetPlatformManager: Display: Loaded TargetPlatform 'Android_MultiClient'
[2023.03.23-17.27.16:082][  0]LogTargetPlatformManager: Display: Loaded TargetPlatform 'IOSClient'
[2023.03.23-17.27.16:082][  0]LogTargetPlatformManager: Display: Loaded TargetPlatform 'IOS'
[2023.03.23-17.27.16:093][  0]LogTargetPlatformManager: Display: Loaded TargetPlatform 'Linux'
[2023.03.23-17.27.16:099][  0]LogTargetPlatformManager: Display: Loaded TargetPlatform 'LinuxNoEditor'
[2023.03.23-17.27.16:105][  0]LogTargetPlatformManager: Display: Loaded TargetPlatform 'LinuxClient'
[2023.03.23-17.27.16:110][  0]LogTargetPlatformManager: Display: Loaded TargetPlatform 'LinuxServer'
[2023.03.23-17.27.16:126][  0]LogTargetPlatformManager: Display: Loaded TargetPlatform 'LinuxAArch64NoEditor'
[2023.03.23-17.27.16:133][  0]LogTargetPlatformManager: Display: Loaded TargetPlatform 'LinuxAArch64Client'
[2023.03.23-17.27.16:141][  0]LogTargetPlatformManager: Display: Loaded TargetPlatform 'LinuxAArch64Server'
[2023.03.23-17.27.16:177][  0]LogTargetPlatformManager: Display: Loaded TargetPlatform 'Lumin'
[2023.03.23-17.27.16:177][  0]LogTargetPlatformManager: Display: Loaded TargetPlatform 'LuminClient'
[2023.03.23-17.27.16:188][  0]LogTargetPlatformManager: Display: Loaded TargetPlatform 'MacNoEditor'
[2023.03.23-17.27.16:193][  0]LogTargetPlatformManager: Display: Loaded TargetPlatform 'Mac'
[2023.03.23-17.27.16:198][  0]LogTargetPlatformManager: Display: Loaded TargetPlatform 'MacClient'
[2023.03.23-17.27.16:202][  0]LogTargetPlatformManager: Display: Loaded TargetPlatform 'MacServer'
[2023.03.23-17.27.16:217][  0]LogTargetPlatformManager: Display: Loaded TargetPlatform 'TVOSClient'
[2023.03.23-17.27.16:217][  0]LogTargetPlatformManager: Display: Loaded TargetPlatform 'TVOS'
[2023.03.23-17.27.16:229][  0]LogTargetPlatformManager: Display: Loaded TargetPlatform 'WindowsNoEditor'
[2023.03.23-17.27.16:236][  0]LogTargetPlatformManager: Display: Loaded TargetPlatform 'Windows'
[2023.03.23-17.27.16:243][  0]LogTargetPlatformManager: Display: Loaded TargetPlatform 'WindowsClient'
[2023.03.23-17.27.16:250][  0]LogTargetPlatformManager: Display: Loaded TargetPlatform 'WindowsServer'
[2023.03.23-17.27.16:250][  0]LogTargetPlatformManager: Display: Building Assets For Windows
[2023.03.23-17.27.16:262][  0]LogAudioDebug: Display: Lib vorbis DLL was dynamically loaded.
[2023.03.23-17.27.16:302][  0]LogTextureFormatOodle: Display: Oodle Texture 2.9.0 init RDO Off
[2023.03.23-17.27.16:342][  0]LogRendererCore: Ray tracing is disabled. Reason: r.RayTracing=0.
[2023.03.23-17.27.16:342][  0]LogShaderCompilers: Guid format shader working directory is -29 characters bigger than the processId version (../../../../../../Users/rcano/OneDrive/Documentos/Unreal Projects/MyProject/Intermediate/Shaders/WorkingDirectory/3808/).
[2023.03.23-17.27.16:342][  0]LogShaderCompilers: Cleaned the shader compiler working directory 'C:/Users/rcano/AppData/Local/Temp/UnrealShaderWorkingDir/6D0DA3DA456309532AC80C8607F3A3D3/'.
[2023.03.23-17.27.16:342][  0]LogXGEController: Cannot use XGE Controller as Incredibuild is not installed on this machine.
[2023.03.23-17.27.16:343][  0]LogShaderCompilers: Cannot use XGE Shader Compiler as Incredibuild is not installed on this machine.
[2023.03.23-17.27.16:343][  0]LogShaderCompilers: Display: Using Local Shader Compiler.
[2023.03.23-17.27.17:189][  0]LogDerivedDataCache: Display: Max Cache Size: 512 MB
[2023.03.23-17.27.17:281][  0]LogDerivedDataCache: Loaded boot cache 0.09s 94MB C:/Users/rcano/AppData/Local/UnrealEngine/4.27/DerivedDataCache/Boot.ddc.
[2023.03.23-17.27.17:281][  0]LogDerivedDataCache: Display: Loaded Boot cache: C:/Users/rcano/AppData/Local/UnrealEngine/4.27/DerivedDataCache/Boot.ddc
[2023.03.23-17.27.17:282][  0]LogDerivedDataCache: FDerivedDataBackendGraph:  Pak pak cache file ../../../../../../Users/rcano/OneDrive/Documentos/Unreal Projects/MyProject/DerivedDataCache/DDC.ddp not found, will not use a pak cache.
[2023.03.23-17.27.17:282][  0]LogDerivedDataCache: Unable to find inner node Pak for hierarchical cache Hierarchy.
[2023.03.23-17.27.17:282][  0]LogDerivedDataCache: FDerivedDataBackendGraph:  CompressedPak pak cache file ../../../../../../Users/rcano/OneDrive/Documentos/Unreal Projects/MyProject/DerivedDataCache/Compressed.ddp not found, will not use a pak cache.
[2023.03.23-17.27.17:282][  0]LogDerivedDataCache: Unable to find inner node CompressedPak for hierarchical cache Hierarchy.
[2023.03.23-17.27.17:303][  0]LogDerivedDataCache: Display: Pak cache opened for reading ../../../Engine/DerivedDataCache/Compressed.ddp.
[2023.03.23-17.27.17:303][  0]LogDerivedDataCache: FDerivedDataBackendGraph:  EnterprisePak pak cache file ../../../Enterprise/DerivedDataCache/Compressed.ddp not found, will not use a pak cache.
[2023.03.23-17.27.17:303][  0]LogDerivedDataCache: Unable to find inner node EnterprisePak for hierarchical cache Hierarchy.
[2023.03.23-17.27.17:326][  0]LogDerivedDataCache: Speed tests for C:/Users/rcano/AppData/Local/UnrealEngine/Common/DerivedDataCache took 0.02 seconds
[2023.03.23-17.27.17:326][  0]LogDerivedDataCache: Display: Performance to C:/Users/rcano/AppData/Local/UnrealEngine/Common/DerivedDataCache: Latency=0.02ms. RandomReadSpeed=242.32MBs, RandomWriteSpeed=50.38MBs. Assigned SpeedClass 'Local'
[2023.03.23-17.27.17:326][  0]LogDerivedDataCache: Using Local data cache path C:/Users/rcano/AppData/Local/UnrealEngine/Common/DerivedDataCache: Writable
[2023.03.23-17.27.17:327][  0]LogDerivedDataCache: Shared data cache path not found in *engine.ini, will not use an Shared cache.
[2023.03.23-17.27.17:327][  0]LogDerivedDataCache: Unable to find inner node Shared for hierarchical cache Hierarchy.
[2023.03.23-17.27.17:390][  0]LogSlate: Using FreeType 2.10.0
[2023.03.23-17.27.17:391][  0]LogSlate: SlateFontServices - WITH_FREETYPE: 1, WITH_HARFBUZZ: 1
[2023.03.23-17.27.17:422][  0]LogAssetRegistry: FAssetRegistry took 0.0048 seconds to start up
[2023.03.23-17.27.17:706][  0]LogInit: Selected Device Profile: [Windows]
[2023.03.23-17.27.17:706][  0]LogInit: Active device profile: [000001D1691C9100][000001D161C87000 49] Windows
[2023.03.23-17.27.17:706][  0]LogInit: Profiles: [000001D1691C9100][000001D161C87000 49] Windows, [000001D1691B2700][000001D16884D180 49] WindowsNoEditor, [000001D1691CA200][000001D161FE5300 49] WindowsServer, [000001D1691B1900][000001D161FE9480 49] WindowsClient, [000001D1691C9700][000001D161FED600 49] IOS, [000001D1691B2900][000001D161CD5780 49] iPadAir, [000001D1691CBC00][000001D161CD9900 49] iPadAir2, [000001D16915D400][000001D161CE1BC0 49] IPadPro, [000001D16915D500][000001D161CDDC00 49] iPadAir3, [000001D1691B3A00][000001D161CE4200 49] iPadAir4, [000001D16915E300][000001D161CE8380 49] iPadMini2, [000001D1691B3100][000001D161CEC500 49] iPadMini3, [000001D16915EF00][000001D161CF0680 49] iPadMini4, [000001D1691B1E00][000001D161CF4800 49] iPadMini5, [000001D169181000][000001D169B3AAC0 49] iPhone6, [000001D169181100][000001D161CF8B00 49] iPodTouch6, [000001D1691CB900][000001D169B3ED40 49] iPhone7, [000001D1691CA900][000001D168848D80 49] iPodTouch7, [000001D16915D000][000001D169B42EC0 49] iPhone5S, [000001D1691CAF00][000001D169B4B040 49] iPhone6Plus, [000001D16915F600][000001D169B4F1C0 49] iPhone6S, [000001D1691C8C00][000001D169B53340 49] iPhone6SPlus, [000001D1691C9D00][000001D169B574C0 49] iPhone7Plus, [000001D169180800][000001D169B5B640 49] iPhoneSE, [000001D1691C8400][000001D169B5F7C0 49] iPhone8, [000001D169180900][000001D169B63940 49] iPhone8Plus, [000001D169182E00][000001D169B67AC0 49] iPhoneX, [000001D16915DD00][000001D169B6A0C0 49] iPhoneXS, [000001D169182700][000001D169B6E240 49] iPhoneXSMax, [000001D16915DC00][000001D169B723C0 49] iPhoneXR, [000001D169182800][000001D169B76540 49] iPhone11, [000001D16915CF00][000001D169B7A6C0 49] iPhone11Pro, [000001D169180B00][000001D169B7E840 49] iPhone11ProMax, [000001D16915CD00][000001D169B829C0 49] iPhoneSE2, [000001D169180E00][000001D169B86B40 49] iPhone12Mini, [000001D1691CB800][000001D169B8ACC0 49] iPhone12, [000001D169183000][000001D169B46E00 49] iPhone12Pro, [000001D1691CB700][000001D169B8EF40 49] iPhone12ProMax, [000001D169181E00][000001D169B93080 49] iPadPro105, [000001D1691C9300][000001D169B971C0 49] iPadPro129, [000001D169183E00][000001D169B9F340 49] iPadPro97, [000001D1691C9C00][000001D169BA34C0 49] iPadPro2_129, [000001D169182000][000001D169BA7640 49] iPad5, [000001D1691CA300][000001D169BAB7C0 49] iPad6, [000001D169183B00][000001D169BAF940 49] iPad7, [000001D1691C9E00][000001D169BB3AC0 49] iPad8, [000001D169180A00][000001D169BB60C0 49] iPadPro11, [000001D1691CA600][000001D169BBA240 49] iPadPro2_11, [000001D169180F00][000001D169BBE3C0 49] iPadPro3_129, [000001D1691CA800][000001D169BC2540 49] iPadPro4_129, [000001D169183C00][000001D169BC66C0 49] AppleTV, [000001D1691C9A00][000001D169BCA840 49] AppleTV4K, [000001D169182600][000001D169BCE9C0 49] TVOS, [000001D1691CA100][000001D169BD2B40 49] Mac, [000001D169182F00][000001D169BEECC0 49] MacClient, [000001D1691CAA00][000001D169C2AE40 49] MacNoEditor, [000001D169182C00][000001D169B9AF80 49] MacServer, [000001D1691CB000][000001D169C470C0 49] Linux, [000001D169180400][000001D169C4B200 49] LinuxAArch64, [000001D1691C8700][000001D169C4F340 49] LinuxNoEditor, [000001D169183700][000001D169C574C0 49] LinuxAArch64NoEditor, [000001D1691CBB00][000001D169E5F640 49] LinuxClient, [000001D169183400][000001D1686957C0 49] LinuxAArch64Client, [000001D1691CBE00][000001D168699940 49] LinuxServer, [000001D169180700][000001D16869DAC0 49] LinuxAArch64Server, [000001D1691C9F00][000001D1686A00C0 49] Android, [000001D169182A00][000001D1686A4240 49] Android_Low, [000001D1691CAD00][000001D1686B03C0 49] Android_Mid, [000001D169181F00][000001D16A02C540 49] Android_High, [000001D1691CAB00][000001D16A0666C0 49] Android_Default, [000001D169180100][000001D16A06A840 49] Android_Adreno4xx, [000001D1691C8500][000001D16872E9C0 49] Android_Adreno5xx_Low, [000001D169181400][000001D168732B40 49] Android_Adreno5xx, [000001D1691CB400][000001D161FD8CC0 49] Android_Adreno6xx, [000001D169182300][000001D161FDCE40 49] Android_Adreno6xx_Vulkan, [000001D1691CBD00][000001D161FE0FC0 49] Android_Mali_T6xx, [000001D169180200][000001D15EF99140 49] Android_Mali_T7xx, [000001D1691CB600][000001D169C53280 49] Android_Mali_T8xx, [000001D169183200][000001D15EF9D3C0 49] Android_Mali_G71, [000001D16915F100][000001D15EFA1500 49] Android_Mali_G72, [000001D1691B2F00][000001D168737680 49] Android_Mali_G72_Vulkan, [000001D16915EB00][000001D16873B800 49] Android_Mali_G76, [000001D1691B0500][000001D16873F980 49] Android_Mali_G76_Vulkan, [000001D16915CC00][000001D168743B00 49] Android_Mali_G77, [000001D1691B0600][000001D168764100 49] Android_Mali_G77_Vulkan, [000001D16915E400][000001D169CD4280 49] Android_Mali_G78, [000001D1691B0D00][000001D169CFC400 49] Android_Mali_G78_Vulkan, [000001D16915FD00][000001D169D00580 49] Android_Mali_G710, [000001D1691B2B00][000001D169D04700 49] Android_Mali_G710_Vulkan, [000001D16915EA00][000001D169E22880 49] Android_Vulkan_SM5, [000001D1691B1A00][000001D169E26A00 49] Android_PowerVR_G6xxx, [000001D16915C500][000001D169E2EB80 49] Android_PowerVR_GT7xxx, [000001D1691B0200][000001D169E3CD00 49] Android_PowerVR_GE8xxx, [000001D16915FB00][000001D169E40E80 49] Android_PowerVR_GM9xxx, [000001D1691B2100][000001D169E45000 49] Android_PowerVR_GM9xxx_Vulkan, [000001D16915DF00][000001D169E49180 49] Android_TegraK1, [000001D1691B0A00][000001D169E4D300 49] Android_Unknown_Vulkan, [000001D16915F900][000001D15EFA5440 49] Lumin, [000001D1691B1100][000001D169E51580 49] Lumin_Desktop, [000001D16915E000][000001D169E556C0 49] HoloLens, 
[2023.03.23-17.27.17:869][  0]LogMeshReduction: Using QuadricMeshReduction for automatic static mesh reduction
[2023.03.23-17.27.17:869][  0]LogMeshReduction: Using SimplygonMeshReduction for automatic skeletal mesh reduction
[2023.03.23-17.27.17:869][  0]LogMeshReduction: Using ProxyLODMeshReduction for automatic mesh merging
[2023.03.23-17.27.17:869][  0]LogMeshReduction: No distributed automatic mesh merging module available
[2023.03.23-17.27.17:869][  0]LogMeshMerging: No distributed automatic mesh merging module available
[2023.03.23-17.27.17:890][  0]LogNetVersion: MyProject 1.0.0, NetCL: 17155196, EngineNetVer: 17, GameNetVer: 0 (Checksum: 3629800737)
[2023.03.23-17.27.18:307][  0]LogTexture: Default maximum texture size for cubemaps generated from long-lat sources has been changed from 512 to unlimited. In order to preserve old behaiour for '/Engine/MapTemplates/Sky/DaylightAmbientCubemap.DaylightAmbientCubemap', its maximum texture size has been explicitly set to 512.
[2023.03.23-17.27.18:390][  0]LogHMD: PokeAHoleMaterial loaded successfully
[2023.03.23-17.27.18:397][  0]LogUObjectArray: 17178 objects as part of root set at end of initial load.
[2023.03.23-17.27.18:397][  0]LogUObjectAllocator: 4302048 out of 0 bytes used by permanent object pool.
[2023.03.23-17.27.18:397][  0]LogUObjectArray: CloseDisregardForGC: 0/0 objects in disregard for GC pool
[2023.03.23-17.27.18:735][  0]LogNiagaraDebuggerClient: Niagara Debugger Client Initialized | Session: A16D44834E1F19EEB336DFA16B2AB8E9 | Instance: A995B40C4CC49DDC65234A9B3C8CBB39 (DESKTOP-4MCE13P-3808).
[2023.03.23-17.27.18:790][  0]LogPython: Using Python 3.7.7
[2023.03.23-17.27.19:513][  0]LogTcpMessaging: Initializing TcpMessaging bridge
[2023.03.23-17.27.19:520][  0]LogUdpMessaging: Initializing bridge on interface 0.0.0.0:0 to multicast group 230.0.0.1:6666.
[2023.03.23-17.27.19:728][  0]SourceControl: Source control is disabled
[2023.03.23-17.27.19:729][  0]SourceControl: Source control is disabled
[2023.03.23-17.27.19:736][  0]SourceControl: Source control is disabled
[2023.03.23-17.27.19:745][  0]SourceControl: Source control is disabled
[2023.03.23-17.27.19:755][  0]SourceControl: Source control is disabled
[2023.03.23-17.27.19:763][  0]LogUProjectInfo: Found projects:
[2023.03.23-17.27.20:037][  0]LogOpenImageDenoise: OIDN starting up
[2023.03.23-17.27.20:096][  0]LogAndroidPermission: UAndroidPermissionCallbackProxy::GetInstance
[2023.03.23-17.27.20:116][  0]LogAudioCaptureCore: Display: No Audio Capture implementations found. Audio input will be silent.
[2023.03.23-17.27.20:116][  0]LogAudioCaptureCore: Display: No Audio Capture implementations found. Audio input will be silent.
[2023.03.23-17.27.20:285][  0]LogCollectionManager: Loaded 0 collections in 0.001518 seconds
[2023.03.23-17.27.20:312][  0]LogFileCache: Scanning file cache for directory 'C:/Users/rcano/OneDrive/Documentos/Unreal Projects/MyProject/Saved/Collections/' took 0.00s
[2023.03.23-17.27.20:312][  0]LogFileCache: Scanning file cache for directory 'C:/Users/rcano/OneDrive/Documentos/Unreal Projects/MyProject/Content/Developers/rcano/Collections/' took 0.00s
[2023.03.23-17.27.20:312][  0]LogFileCache: Scanning file cache for directory 'C:/Users/rcano/OneDrive/Documentos/Unreal Projects/MyProject/Content/Collections/' took 0.00s
[2023.03.23-17.27.20:312][  0]LogOcInput: OculusInput pre-init called
[2023.03.23-17.27.20:558][  0]LogEngine: Initializing Engine...
[2023.03.23-17.27.20:562][  0]LogHMD: Failed to enumerate extensions. Please check that you have a valid OpenXR runtime installed.
[2023.03.23-17.27.20:562][  0]LogHMD: Failed to initialize OpenVR with code 110
[2023.03.23-17.27.20:562][  0]LogMagicLeap: Warning: VR disabled because ZI is not enabled.  To enable, in the editor, Edit -> Project Settings -> Plugins -> Magic Leap Plugin -> Enable Zero Iteration
[2023.03.23-17.27.20:562][  0]LogStats: UGameplayTagsManager::InitializeManager -  0.000 s
[2023.03.23-17.27.20:715][  0]LogInit: Initializing FReadOnlyCVARCache
[2023.03.23-17.27.20:732][  0]LogAIModule: Creating AISystem for world Untitled
[2023.03.23-17.27.20:737][  0]LogAudio: Display: Initializing Audio Device Manager...
[2023.03.23-17.27.20:742][  0]LogAudio: Display: Loading Default Audio Settings Objects...
[2023.03.23-17.27.20:743][  0]LogAudio: Display: No default SoundConcurrencyObject specified (or failed to load).
[2023.03.23-17.27.20:743][  0]LogAudio: Display: Audio Device Manager Initialized
[2023.03.23-17.27.20:743][  0]LogAudio: Display: Creating Audio Device:                 Id: 1, Scope: Shared, Realtime: True
[2023.03.23-17.27.20:743][  0]LogAudioMixer: Display: Audio Mixer Platform Settings:
[2023.03.23-17.27.20:743][  0]LogAudioMixer: Display: 	Sample Rate:						  48000
[2023.03.23-17.27.20:743][  0]LogAudioMixer: Display: 	Callback Buffer Frame Size Requested: 1024
[2023.03.23-17.27.20:743][  0]LogAudioMixer: Display: 	Callback Buffer Frame Size To Use:	  1024
[2023.03.23-17.27.20:743][  0]LogAudioMixer: Display: 	Number of buffers to queue:			  2
[2023.03.23-17.27.20:743][  0]LogAudioMixer: Display: 	Max Channels (voices):				  32
[2023.03.23-17.27.20:743][  0]LogAudioMixer: Display: 	Number of Async Source Workers:		  0
[2023.03.23-17.27.20:743][  0]LogAudio: Display: AudioDevice MaxSources: 32
[2023.03.23-17.27.20:744][  0]LogAudio: Display: Audio Spatialization Plugin: None (built-in).
[2023.03.23-17.27.20:744][  0]LogAudio: Display: Audio Reverb Plugin: None (built-in).
[2023.03.23-17.27.20:744][  0]LogAudio: Display: Audio Occlusion Plugin: None (built-in).
[2023.03.23-17.27.20:744][  0]LogAudioMixer: Display: Initializing audio mixer.
[2023.03.23-17.27.20:757][  0]LogAudioMixer: Display: 0: FrontLeft
[2023.03.23-17.27.20:757][  0]LogAudioMixer: Display: 1: FrontRight
[2023.03.23-17.27.20:835][  0]LogAudioMixer: Display: Using Audio Device Auriculares (Realtek(R) Audio)
[2023.03.23-17.27.20:839][  0]LogAudioMixer: Display: Initializing Sound Submixes...
[2023.03.23-17.27.20:842][  0]LogAudioMixer: Display: Creating Master Submix 'MasterSubmixDefault'
[2023.03.23-17.27.20:842][  0]LogAudioMixer: Display: Creating Master Submix 'MasterReverbSubmixDefault'
[2023.03.23-17.27.20:843][  0]LogAudioMixer: Display: Creating Master Submix 'MasterEQSubmixDefault'
[2023.03.23-17.27.20:843][  0]LogAudioMixer: FMixerPlatformXAudio2::StartAudioStream() called
[2023.03.23-17.27.20:843][  0]LogAudioMixer: Display: Output buffers initialized: Frames=1024, Channels=2, Samples=2048
[2023.03.23-17.27.20:845][  0]LogAudioMixer: Display: Starting AudioMixerPlatformInterface::RunInternal()
[2023.03.23-17.27.20:845][  0]LogAudioMixer: Display: FMixerPlatformXAudio2::SubmitBuffer() called for the first time
[2023.03.23-17.27.20:845][  0]LogInit: FAudioDevice initialized.
[2023.03.23-17.27.20:845][  0]LogAudio: Display: Audio Device (ID: 1) registered with world 'Untitled'.
[2023.03.23-17.27.20:845][  0]LogNetVersion: Set ProjectVersion to 1.0.0.0. Version Checksum will be recalculated on next use.
[2023.03.23-17.27.20:924][  0]LogDerivedDataCache: Saved boot cache 0.08s 94MB C:/Users/rcano/AppData/Local/UnrealEngine/4.27/DerivedDataCache/Boot.ddc.
[2023.03.23-17.27.20:924][  0]LogInit: Texture streaming: Enabled
[2023.03.23-17.27.20:943][  0]LogAnalytics: Display: [UEEditor.Rocket.Release] APIServer = https://datarouter.ol.epicgames.com/. AppVersion = 4.27.2-18319896+++UE4+Release-4.27
[2023.03.23-17.27.20:947][  0]LogEngineSessionManager: EngineSessionManager initialized
[2023.03.23-17.27.20:947][  0]LogEditorSessionSummary: Verbose: Initializing EditorSessionSummaryWriter for editor session tracking
[2023.03.23-17.27.20:949][  0]LogEditorSessionSummary: EditorSessionSummaryWriter initialized
[2023.03.23-17.27.20:984][  0]LogInit: Transaction tracking system initialized
[2023.03.23-17.27.21:010][  0]BlueprintLog: New page: Editor Load
[2023.03.23-17.27.21:096][  0]LocalizationService: Localization service is disabled
[2023.03.23-17.27.21:124][  0]TimingProfiler: Initialize
[2023.03.23-17.27.21:124][  0]TimingProfiler: OnSessionChanged
[2023.03.23-17.27.21:124][  0]LoadingProfiler: Initialize
[2023.03.23-17.27.21:124][  0]LoadingProfiler: OnSessionChanged
[2023.03.23-17.27.21:124][  0]NetworkingProfiler: Initialize
[2023.03.23-17.27.21:124][  0]NetworkingProfiler: OnSessionChanged
[2023.03.23-17.27.21:124][  0]MemoryProfiler: Initialize
[2023.03.23-17.27.21:124][  0]MemoryProfiler: OnSessionChanged
[2023.03.23-17.27.21:298][  0]LogCook: Display: CookSettings for Memory: MemoryMaxUsedVirtual 0MiB, MemoryMaxUsedPhysical 16384MiB, MemoryMinFreeVirtual 0MiB, MemoryMinFreePhysical 1024MiB
[2023.03.23-17.27.21:298][  0]LogFileCache: Scanning file cache for directory 'C:/Users/rcano/OneDrive/Documentos/Unreal Projects/MyProject/Content/' took 0.00s
[2023.03.23-17.27.21:298][  0]LogCook: Display: Mobile HDR setting 1
[2023.03.23-17.27.21:726][  0]LogInit: Display: Engine is initialized. Leaving FEngineLoop::Init()
[2023.03.23-17.27.21:729][  0]SourceControl: Source control is disabled
[2023.03.23-17.27.21:869][  0]LogSlate: Took 0.000213 seconds to synchronously load lazily loaded font '../../../Engine/Content/Slate/Fonts/Roboto-Regular.ttf' (155K)
[2023.03.23-17.27.26:676][  0]LogSlate: Window 'Restore Packages' being destroyed
[2023.03.23-17.27.26:676][  0]LogWindowsTextInputMethodSystem: Display: IME system deactivated.
[2023.03.23-17.27.26:691][  0]LogUnrealEdMisc: Loading editor; pre map load, took 13.245
[2023.03.23-17.27.26:691][  0]Cmd: MAP LOAD FILE="../../../Engine/Content/Maps/Templates/Template_Default.umap" TEMPLATE=1 SHOWPROGRESS=1 FEATURELEVEL=3
[2023.03.23-17.27.26:693][  0]LightingResults: New page: Lighting Build
[2023.03.23-17.27.26:694][  0]LogWorld: UWorld::CleanupWorld for Untitled, bSessionEnded=true, bCleanupResources=true
[2023.03.23-17.27.26:695][  0]LogSlate: InvalidateAllWidgets triggered.  All widgets were invalidated
[2023.03.23-17.27.26:695][  0]MapCheck: New page: Map Check
[2023.03.23-17.27.26:695][  0]LightingResults: New page: Lighting Build
[2023.03.23-17.27.26:700][  0]LogAudio: Display: Audio Device unregistered from world 'None'.
[2023.03.23-17.27.26:703][  0]LogUObjectHash: Compacting FUObjectHashTables data took   1.53ms
[2023.03.23-17.27.26:789][  0]LogTexture: Display: Building textures: DeprecatedTextureEB9CBE3C423008B5E8E130901E171C89 (BGRA8, 128X128)
[2023.03.23-17.27.26:797][  0]LogAudio: Display: Audio Device (ID: 1) registered with world 'Untitled_1'.
[2023.03.23-17.27.26:798][  0]LogAIModule: Creating AISystem for world Untitled_1
[2023.03.23-17.27.26:802][  0]LogEditorServer: Finished looking for orphan Actors (0.000 secs)
[2023.03.23-17.27.26:811][  0]LogUObjectHash: Compacting FUObjectHashTables data took   0.61ms
[2023.03.23-17.27.26:812][  0]Cmd: MAP CHECKDEP NOCLEARLOG
[2023.03.23-17.27.26:812][  0]MapCheck: Map check complete: 0 Error(s), 0 Warning(s), took 0.138ms to complete.
[2023.03.23-17.27.26:812][  0]LogFileHelpers: Loading map 'Template_Default' took 0.121
[2023.03.23-17.27.26:813][  0]LogUnrealEdMisc: Total Editor Startup Time, took 13.368
[2023.03.23-17.27.26:840][  0]LogWindowsTextInputMethodSystem: Display: IME system deactivated.
[2023.03.23-17.27.26:938][  0]LogSlate: Updating window title bar state: overlay mode, drag disabled, window buttons hidden, title bar hidden
[2023.03.23-17.27.26:945][  0]LogSlate: Updating window title bar state: overlay mode, drag disabled, window buttons hidden, title bar hidden
[2023.03.23-17.27.26:954][  0]LogSlate: Updating window title bar state: overlay mode, drag disabled, window buttons hidden, title bar hidden
[2023.03.23-17.27.26:964][  0]LogSlate: Updating window title bar state: overlay mode, drag disabled, window buttons hidden, title bar hidden
[2023.03.23-17.27.26:980][  0]LogNativeClassHierarchy: Verbose: Native class hierarchy populated in 0.0105 seconds. Added 3822 classes and 928 folders.
[2023.03.23-17.27.26:985][  0]LogNativeClassHierarchy: Verbose: Native class hierarchy updated for 'WidgetCarousel' in 0.0003 seconds. Added 0 classes and 0 folders.
[2023.03.23-17.27.26:986][  0]LogPakFile: PakFile PrimaryIndexSize=187
[2023.03.23-17.27.26:986][  0]LogPakFile: PakFile PathHashIndexSize=101
[2023.03.23-17.27.26:986][  0]LogPakFile: PakFile FullDirectoryIndexSize=148
[2023.03.23-17.27.26:986][  0]LogShaderLibrary: Display: ShaderCodeLibraryPakFileMountedCallback: PakFile 'C:/Program Files/Epic Games/UE_4.27/FeaturePacks/FP_FirstPerson.upack' (chunk index -1, root 'root:/') mounted
[2023.03.23-17.27.26:986][  0]LogShaderLibrary: Display: ShaderCodeLibraryPakFileMountedCallback: pending pak file info (ChunkID:-1 Root:root:/ File:C:/Program Files/Epic Games/UE_4.27/FeaturePacks/FP_FirstPerson.upack)
[2023.03.23-17.27.26:986][  0]LogPakFile: OnPakFileMounted2Time == 0.000051
[2023.03.23-17.27.26:986][  0]LogPakFile: PakFile PrimaryIndexSize=189
[2023.03.23-17.27.26:986][  0]LogPakFile: PakFile PathHashIndexSize=101
[2023.03.23-17.27.26:986][  0]LogPakFile: PakFile FullDirectoryIndexSize=152
[2023.03.23-17.27.26:987][  0]LogShaderLibrary: Display: ShaderCodeLibraryPakFileMountedCallback: PakFile 'C:/Program Files/Epic Games/UE_4.27/FeaturePacks/FP_FirstPersonBP.upack' (chunk index -1, root 'root:/') mounted
[2023.03.23-17.27.26:987][  0]LogShaderLibrary: Display: ShaderCodeLibraryPakFileMountedCallback: pending pak file info (ChunkID:-1 Root:root:/ File:C:/Program Files/Epic Games/UE_4.27/FeaturePacks/FP_FirstPersonBP.upack)
[2023.03.23-17.27.26:987][  0]LogPakFile: OnPakFileMounted2Time == 0.000045
[2023.03.23-17.27.26:987][  0]LogPakFile: PakFile PrimaryIndexSize=191
[2023.03.23-17.27.26:987][  0]LogPakFile: PakFile PathHashIndexSize=101
[2023.03.23-17.27.26:987][  0]LogPakFile: PakFile FullDirectoryIndexSize=160
[2023.03.23-17.27.26:987][  0]LogShaderLibrary: Display: ShaderCodeLibraryPakFileMountedCallback: PakFile 'C:/Program Files/Epic Games/UE_4.27/FeaturePacks/MobileStarterContent.upack' (chunk index -1, root 'root:/') mounted
[2023.03.23-17.27.26:987][  0]LogShaderLibrary: Display: ShaderCodeLibraryPakFileMountedCallback: pending pak file info (ChunkID:-1 Root:root:/ File:C:/Program Files/Epic Games/UE_4.27/FeaturePacks/MobileStarterContent.upack)
[2023.03.23-17.27.26:987][  0]LogPakFile: OnPakFileMounted2Time == 0.000027
[2023.03.23-17.27.26:987][  0]LogPakFile: PakFile PrimaryIndexSize=185
[2023.03.23-17.27.26:987][  0]LogPakFile: PakFile PathHashIndexSize=101
[2023.03.23-17.27.26:987][  0]LogPakFile: PakFile FullDirectoryIndexSize=148
[2023.03.23-17.27.26:987][  0]LogShaderLibrary: Display: ShaderCodeLibraryPakFileMountedCallback: PakFile 'C:/Program Files/Epic Games/UE_4.27/FeaturePacks/StarterContent.upack' (chunk index -1, root 'root:/') mounted
[2023.03.23-17.27.26:987][  0]LogShaderLibrary: Display: ShaderCodeLibraryPakFileMountedCallback: pending pak file info (ChunkID:-1 Root:root:/ File:C:/Program Files/Epic Games/UE_4.27/FeaturePacks/StarterContent.upack)
[2023.03.23-17.27.26:987][  0]LogPakFile: OnPakFileMounted2Time == 0.000031
[2023.03.23-17.27.26:988][  0]LogPakFile: PakFile PrimaryIndexSize=190
[2023.03.23-17.27.26:988][  0]LogPakFile: PakFile PathHashIndexSize=101
[2023.03.23-17.27.26:988][  0]LogPakFile: PakFile FullDirectoryIndexSize=154
[2023.03.23-17.27.26:988][  0]LogShaderLibrary: Display: ShaderCodeLibraryPakFileMountedCallback: PakFile 'C:/Program Files/Epic Games/UE_4.27/FeaturePacks/TP_2DSideScroller.upack' (chunk index -1, root 'root:/') mounted
[2023.03.23-17.27.26:988][  0]LogShaderLibrary: Display: ShaderCodeLibraryPakFileMountedCallback: pending pak file info (ChunkID:-1 Root:root:/ File:C:/Program Files/Epic Games/UE_4.27/FeaturePacks/TP_2DSideScroller.upack)
[2023.03.23-17.27.26:988][  0]LogPakFile: OnPakFileMounted2Time == 0.000056
[2023.03.23-17.27.26:989][  0]LogPakFile: PakFile PrimaryIndexSize=192
[2023.03.23-17.27.26:989][  0]LogPakFile: PakFile PathHashIndexSize=101
[2023.03.23-17.27.26:989][  0]LogPakFile: PakFile FullDirectoryIndexSize=158
[2023.03.23-17.27.26:989][  0]LogShaderLibrary: Display: ShaderCodeLibraryPakFileMountedCallback: PakFile 'C:/Program Files/Epic Games/UE_4.27/FeaturePacks/TP_2DSideScrollerBP.upack' (chunk index -1, root 'root:/') mounted
[2023.03.23-17.27.26:989][  0]LogShaderLibrary: Display: ShaderCodeLibraryPakFileMountedCallback: pending pak file info (ChunkID:-1 Root:root:/ File:C:/Program Files/Epic Games/UE_4.27/FeaturePacks/TP_2DSideScrollerBP.upack)
[2023.03.23-17.27.26:989][  0]LogPakFile: OnPakFileMounted2Time == 0.000038
[2023.03.23-17.27.26:989][  0]LogPakFile: PakFile PrimaryIndexSize=182
[2023.03.23-17.27.26:989][  0]LogPakFile: PakFile PathHashIndexSize=101
[2023.03.23-17.27.26:990][  0]LogPakFile: PakFile FullDirectoryIndexSize=138
[2023.03.23-17.27.26:990][  0]LogShaderLibrary: Display: ShaderCodeLibraryPakFileMountedCallback: PakFile 'C:/Program Files/Epic Games/UE_4.27/FeaturePacks/TP_Flying.upack' (chunk index -1, root 'root:/') mounted
[2023.03.23-17.27.26:990][  0]LogShaderLibrary: Display: ShaderCodeLibraryPakFileMountedCallback: pending pak file info (ChunkID:-1 Root:root:/ File:C:/Program Files/Epic Games/UE_4.27/FeaturePacks/TP_Flying.upack)
[2023.03.23-17.27.26:990][  0]LogPakFile: OnPakFileMounted2Time == 0.000090
[2023.03.23-17.27.26:991][  0]LogPakFile: PakFile PrimaryIndexSize=184
[2023.03.23-17.27.26:991][  0]LogPakFile: PakFile PathHashIndexSize=101
[2023.03.23-17.27.26:991][  0]LogPakFile: PakFile FullDirectoryIndexSize=142
[2023.03.23-17.27.26:991][  0]LogShaderLibrary: Display: ShaderCodeLibraryPakFileMountedCallback: PakFile 'C:/Program Files/Epic Games/UE_4.27/FeaturePacks/TP_FlyingBP.upack' (chunk index -1, root 'root:/') mounted
[2023.03.23-17.27.26:991][  0]LogShaderLibrary: Display: ShaderCodeLibraryPakFileMountedCallback: pending pak file info (ChunkID:-1 Root:root:/ File:C:/Program Files/Epic Games/UE_4.27/FeaturePacks/TP_FlyingBP.upack)
[2023.03.23-17.27.26:991][  0]LogPakFile: OnPakFileMounted2Time == 0.000038
[2023.03.23-17.27.26:991][  0]LogPakFile: PakFile PrimaryIndexSize=188
[2023.03.23-17.27.26:991][  0]LogPakFile: PakFile PathHashIndexSize=101
[2023.03.23-17.27.26:991][  0]LogPakFile: PakFile FullDirectoryIndexSize=150
[2023.03.23-17.27.26:991][  0]LogShaderLibrary: Display: ShaderCodeLibraryPakFileMountedCallback: PakFile 'C:/Program Files/Epic Games/UE_4.27/FeaturePacks/TP_HandheldARBP.upack' (chunk index -1, root 'root:/') mounted
[2023.03.23-17.27.26:991][  0]LogShaderLibrary: Display: ShaderCodeLibraryPakFileMountedCallback: pending pak file info (ChunkID:-1 Root:root:/ File:C:/Program Files/Epic Games/UE_4.27/FeaturePacks/TP_HandheldARBP.upack)
[2023.03.23-17.27.26:991][  0]LogPakFile: OnPakFileMounted2Time == 0.000038
[2023.03.23-17.27.26:992][  0]LogPakFile: PakFile PrimaryIndexSize=182
[2023.03.23-17.27.26:992][  0]LogPakFile: PakFile PathHashIndexSize=101
[2023.03.23-17.27.26:992][  0]LogPakFile: PakFile FullDirectoryIndexSize=138
[2023.03.23-17.27.26:992][  0]LogShaderLibrary: Display: ShaderCodeLibraryPakFileMountedCallback: PakFile 'C:/Program Files/Epic Games/UE_4.27/FeaturePacks/TP_Puzzle.upack' (chunk index -1, root 'root:/') mounted
[2023.03.23-17.27.26:992][  0]LogShaderLibrary: Display: ShaderCodeLibraryPakFileMountedCallback: pending pak file info (ChunkID:-1 Root:root:/ File:C:/Program Files/Epic Games/UE_4.27/FeaturePacks/TP_Puzzle.upack)
[2023.03.23-17.27.26:992][  0]LogPakFile: OnPakFileMounted2Time == 0.000035
[2023.03.23-17.27.26:993][  0]LogPakFile: PakFile PrimaryIndexSize=184
[2023.03.23-17.27.26:993][  0]LogPakFile: PakFile PathHashIndexSize=101
[2023.03.23-17.27.26:993][  0]LogPakFile: PakFile FullDirectoryIndexSize=142
[2023.03.23-17.27.26:993][  0]LogShaderLibrary: Display: ShaderCodeLibraryPakFileMountedCallback: PakFile 'C:/Program Files/Epic Games/UE_4.27/FeaturePacks/TP_PuzzleBP.upack' (chunk index -1, root 'root:/') mounted
[2023.03.23-17.27.26:993][  0]LogShaderLibrary: Display: ShaderCodeLibraryPakFileMountedCallback: pending pak file info (ChunkID:-1 Root:root:/ File:C:/Program Files/Epic Games/UE_4.27/FeaturePacks/TP_PuzzleBP.upack)
[2023.03.23-17.27.26:993][  0]LogPakFile: OnPakFileMounted2Time == 0.000032
[2023.03.23-17.27.26:993][  0]LogPakFile: PakFile PrimaryIndexSize=183
[2023.03.23-17.27.26:993][  0]LogPakFile: PakFile PathHashIndexSize=101
[2023.03.23-17.27.26:993][  0]LogPakFile: PakFile FullDirectoryIndexSize=140
[2023.03.23-17.27.26:993][  0]LogShaderLibrary: Display: ShaderCodeLibraryPakFileMountedCallback: PakFile 'C:/Program Files/Epic Games/UE_4.27/FeaturePacks/TP_Rolling.upack' (chunk index -1, root 'root:/') mounted
[2023.03.23-17.27.26:993][  0]LogShaderLibrary: Display: ShaderCodeLibraryPakFileMountedCallback: pending pak file info (ChunkID:-1 Root:root:/ File:C:/Program Files/Epic Games/UE_4.27/FeaturePacks/TP_Rolling.upack)
[2023.03.23-17.27.26:993][  0]LogPakFile: OnPakFileMounted2Time == 0.000037
[2023.03.23-17.27.26:994][  0]LogPakFile: PakFile PrimaryIndexSize=185
[2023.03.23-17.27.26:994][  0]LogPakFile: PakFile PathHashIndexSize=101
[2023.03.23-17.27.26:994][  0]LogPakFile: PakFile FullDirectoryIndexSize=144
[2023.03.23-17.27.26:994][  0]LogShaderLibrary: Display: ShaderCodeLibraryPakFileMountedCallback: PakFile 'C:/Program Files/Epic Games/UE_4.27/FeaturePacks/TP_RollingBP.upack' (chunk index -1, root 'root:/') mounted
[2023.03.23-17.27.26:994][  0]LogShaderLibrary: Display: ShaderCodeLibraryPakFileMountedCallback: pending pak file info (ChunkID:-1 Root:root:/ File:C:/Program Files/Epic Games/UE_4.27/FeaturePacks/TP_RollingBP.upack)
[2023.03.23-17.27.26:994][  0]LogPakFile: OnPakFileMounted2Time == 0.000047
[2023.03.23-17.27.26:995][  0]LogPakFile: PakFile PrimaryIndexSize=188
[2023.03.23-17.27.26:995][  0]LogPakFile: PakFile PathHashIndexSize=101
[2023.03.23-17.27.26:995][  0]LogPakFile: PakFile FullDirectoryIndexSize=150
[2023.03.23-17.27.26:995][  0]LogShaderLibrary: Display: ShaderCodeLibraryPakFileMountedCallback: PakFile 'C:/Program Files/Epic Games/UE_4.27/FeaturePacks/TP_SideScroller.upack' (chunk index -1, root 'root:/') mounted
[2023.03.23-17.27.26:995][  0]LogShaderLibrary: Display: ShaderCodeLibraryPakFileMountedCallback: pending pak file info (ChunkID:-1 Root:root:/ File:C:/Program Files/Epic Games/UE_4.27/FeaturePacks/TP_SideScroller.upack)
[2023.03.23-17.27.26:995][  0]LogPakFile: OnPakFileMounted2Time == 0.000051
[2023.03.23-17.27.26:995][  0]LogPakFile: PakFile PrimaryIndexSize=190
[2023.03.23-17.27.26:995][  0]LogPakFile: PakFile PathHashIndexSize=101
[2023.03.23-17.27.26:995][  0]LogPakFile: PakFile FullDirectoryIndexSize=154
[2023.03.23-17.27.26:995][  0]LogShaderLibrary: Display: ShaderCodeLibraryPakFileMountedCallback: PakFile 'C:/Program Files/Epic Games/UE_4.27/FeaturePacks/TP_SideScrollerBP.upack' (chunk index -1, root 'root:/') mounted
[2023.03.23-17.27.26:995][  0]LogShaderLibrary: Display: ShaderCodeLibraryPakFileMountedCallback: pending pak file info (ChunkID:-1 Root:root:/ File:C:/Program Files/Epic Games/UE_4.27/FeaturePacks/TP_SideScrollerBP.upack)
[2023.03.23-17.27.26:995][  0]LogPakFile: OnPakFileMounted2Time == 0.000035
[2023.03.23-17.27.26:996][  0]LogPakFile: PakFile PrimaryIndexSize=187
[2023.03.23-17.27.26:996][  0]LogPakFile: PakFile PathHashIndexSize=101
[2023.03.23-17.27.26:996][  0]LogPakFile: PakFile FullDirectoryIndexSize=148
[2023.03.23-17.27.26:996][  0]LogShaderLibrary: Display: ShaderCodeLibraryPakFileMountedCallback: PakFile 'C:/Program Files/Epic Games/UE_4.27/FeaturePacks/TP_ThirdPerson.upack' (chunk index -1, root 'root:/') mounted
[2023.03.23-17.27.26:996][  0]LogShaderLibrary: Display: ShaderCodeLibraryPakFileMountedCallback: pending pak file info (ChunkID:-1 Root:root:/ File:C:/Program Files/Epic Games/UE_4.27/FeaturePacks/TP_ThirdPerson.upack)
[2023.03.23-17.27.26:996][  0]LogPakFile: OnPakFileMounted2Time == 0.000047
[2023.03.23-17.27.26:997][  0]LogPakFile: PakFile PrimaryIndexSize=189
[2023.03.23-17.27.26:997][  0]LogPakFile: PakFile PathHashIndexSize=101
[2023.03.23-17.27.26:997][  0]LogPakFile: PakFile FullDirectoryIndexSize=152
[2023.03.23-17.27.26:997][  0]LogShaderLibrary: Display: ShaderCodeLibraryPakFileMountedCallback: PakFile 'C:/Program Files/Epic Games/UE_4.27/FeaturePacks/TP_ThirdPersonBP.upack' (chunk index -1, root 'root:/') mounted
[2023.03.23-17.27.26:997][  0]LogShaderLibrary: Display: ShaderCodeLibraryPakFileMountedCallback: pending pak file info (ChunkID:-1 Root:root:/ File:C:/Program Files/Epic Games/UE_4.27/FeaturePacks/TP_ThirdPersonBP.upack)
[2023.03.23-17.27.26:997][  0]LogPakFile: OnPakFileMounted2Time == 0.000087
[2023.03.23-17.27.26:998][  0]LogPakFile: PakFile PrimaryIndexSize=183
[2023.03.23-17.27.26:998][  0]LogPakFile: PakFile PathHashIndexSize=101
[2023.03.23-17.27.26:998][  0]LogPakFile: PakFile FullDirectoryIndexSize=140
[2023.03.23-17.27.26:998][  0]LogShaderLibrary: Display: ShaderCodeLibraryPakFileMountedCallback: PakFile 'C:/Program Files/Epic Games/UE_4.27/FeaturePacks/TP_TopDown.upack' (chunk index -1, root 'root:/') mounted
[2023.03.23-17.27.26:998][  0]LogShaderLibrary: Display: ShaderCodeLibraryPakFileMountedCallback: pending pak file info (ChunkID:-1 Root:root:/ File:C:/Program Files/Epic Games/UE_4.27/FeaturePacks/TP_TopDown.upack)
[2023.03.23-17.27.26:998][  0]LogPakFile: OnPakFileMounted2Time == 0.000035
[2023.03.23-17.27.26:998][  0]LogPakFile: PakFile PrimaryIndexSize=185
[2023.03.23-17.27.26:998][  0]LogPakFile: PakFile PathHashIndexSize=101
[2023.03.23-17.27.26:998][  0]LogPakFile: PakFile FullDirectoryIndexSize=144
[2023.03.23-17.27.26:998][  0]LogShaderLibrary: Display: ShaderCodeLibraryPakFileMountedCallback: PakFile 'C:/Program Files/Epic Games/UE_4.27/FeaturePacks/TP_TopDownBP.upack' (chunk index -1, root 'root:/') mounted
[2023.03.23-17.27.26:998][  0]LogShaderLibrary: Display: ShaderCodeLibraryPakFileMountedCallback: pending pak file info (ChunkID:-1 Root:root:/ File:C:/Program Files/Epic Games/UE_4.27/FeaturePacks/TP_TopDownBP.upack)
[2023.03.23-17.27.26:998][  0]LogPakFile: OnPakFileMounted2Time == 0.000028
[2023.03.23-17.27.26:999][  0]LogPakFile: PakFile PrimaryIndexSize=185
[2023.03.23-17.27.26:999][  0]LogPakFile: PakFile PathHashIndexSize=101
[2023.03.23-17.27.26:999][  0]LogPakFile: PakFile FullDirectoryIndexSize=144
[2023.03.23-17.27.26:999][  0]LogShaderLibrary: Display: ShaderCodeLibraryPakFileMountedCallback: PakFile 'C:/Program Files/Epic Games/UE_4.27/FeaturePacks/TP_TwinStick.upack' (chunk index -1, root 'root:/') mounted
[2023.03.23-17.27.26:999][  0]LogShaderLibrary: Display: ShaderCodeLibraryPakFileMountedCallback: pending pak file info (ChunkID:-1 Root:root:/ File:C:/Program Files/Epic Games/UE_4.27/FeaturePacks/TP_TwinStick.upack)
[2023.03.23-17.27.26:999][  0]LogPakFile: OnPakFileMounted2Time == 0.000032
[2023.03.23-17.27.26:999][  0]LogPakFile: PakFile PrimaryIndexSize=187
[2023.03.23-17.27.26:999][  0]LogPakFile: PakFile PathHashIndexSize=101
[2023.03.23-17.27.26:999][  0]LogPakFile: PakFile FullDirectoryIndexSize=148
[2023.03.23-17.27.26:999][  0]LogShaderLibrary: Display: ShaderCodeLibraryPakFileMountedCallback: PakFile 'C:/Program Files/Epic Games/UE_4.27/FeaturePacks/TP_TwinStickBP.upack' (chunk index -1, root 'root:/') mounted
[2023.03.23-17.27.26:999][  0]LogShaderLibrary: Display: ShaderCodeLibraryPakFileMountedCallback: pending pak file info (ChunkID:-1 Root:root:/ File:C:/Program Files/Epic Games/UE_4.27/FeaturePacks/TP_TwinStickBP.upack)
[2023.03.23-17.27.26:999][  0]LogPakFile: OnPakFileMounted2Time == 0.000035
[2023.03.23-17.27.27:000][  0]LogPakFile: PakFile PrimaryIndexSize=183
[2023.03.23-17.27.27:000][  0]LogPakFile: PakFile PathHashIndexSize=101
[2023.03.23-17.27.27:000][  0]LogPakFile: PakFile FullDirectoryIndexSize=140
[2023.03.23-17.27.27:000][  0]LogShaderLibrary: Display: ShaderCodeLibraryPakFileMountedCallback: PakFile 'C:/Program Files/Epic Games/UE_4.27/FeaturePacks/TP_Vehicle.upack' (chunk index -1, root 'root:/') mounted
[2023.03.23-17.27.27:000][  0]LogShaderLibrary: Display: ShaderCodeLibraryPakFileMountedCallback: pending pak file info (ChunkID:-1 Root:root:/ File:C:/Program Files/Epic Games/UE_4.27/FeaturePacks/TP_Vehicle.upack)
[2023.03.23-17.27.27:000][  0]LogPakFile: OnPakFileMounted2Time == 0.000033
[2023.03.23-17.27.27:000][  0]LogPakFile: PakFile PrimaryIndexSize=186
[2023.03.23-17.27.27:000][  0]LogPakFile: PakFile PathHashIndexSize=101
[2023.03.23-17.27.27:000][  0]LogPakFile: PakFile FullDirectoryIndexSize=146
[2023.03.23-17.27.27:000][  0]LogShaderLibrary: Display: ShaderCodeLibraryPakFileMountedCallback: PakFile 'C:/Program Files/Epic Games/UE_4.27/FeaturePacks/TP_VehicleAdv.upack' (chunk index -1, root 'root:/') mounted
[2023.03.23-17.27.27:000][  0]LogShaderLibrary: Display: ShaderCodeLibraryPakFileMountedCallback: pending pak file info (ChunkID:-1 Root:root:/ File:C:/Program Files/Epic Games/UE_4.27/FeaturePacks/TP_VehicleAdv.upack)
[2023.03.23-17.27.27:000][  0]LogPakFile: OnPakFileMounted2Time == 0.000024
[2023.03.23-17.27.27:000][  0]LogPakFile: PakFile PrimaryIndexSize=188
[2023.03.23-17.27.27:000][  0]LogPakFile: PakFile PathHashIndexSize=101
[2023.03.23-17.27.27:000][  0]LogPakFile: PakFile FullDirectoryIndexSize=150
[2023.03.23-17.27.27:000][  0]LogShaderLibrary: Display: ShaderCodeLibraryPakFileMountedCallback: PakFile 'C:/Program Files/Epic Games/UE_4.27/FeaturePacks/TP_VehicleAdvBP.upack' (chunk index -1, root 'root:/') mounted
[2023.03.23-17.27.27:000][  0]LogShaderLibrary: Display: ShaderCodeLibraryPakFileMountedCallback: pending pak file info (ChunkID:-1 Root:root:/ File:C:/Program Files/Epic Games/UE_4.27/FeaturePacks/TP_VehicleAdvBP.upack)
[2023.03.23-17.27.27:000][  0]LogPakFile: OnPakFileMounted2Time == 0.000023
[2023.03.23-17.27.27:001][  0]LogPakFile: PakFile PrimaryIndexSize=185
[2023.03.23-17.27.27:001][  0]LogPakFile: PakFile PathHashIndexSize=101
[2023.03.23-17.27.27:001][  0]LogPakFile: PakFile FullDirectoryIndexSize=144
[2023.03.23-17.27.27:001][  0]LogShaderLibrary: Display: ShaderCodeLibraryPakFileMountedCallback: PakFile 'C:/Program Files/Epic Games/UE_4.27/FeaturePacks/TP_VehicleBP.upack' (chunk index -1, root 'root:/') mounted
[2023.03.23-17.27.27:001][  0]LogShaderLibrary: Display: ShaderCodeLibraryPakFileMountedCallback: pending pak file info (ChunkID:-1 Root:root:/ File:C:/Program Files/Epic Games/UE_4.27/FeaturePacks/TP_VehicleBP.upack)
[2023.03.23-17.27.27:001][  0]LogPakFile: OnPakFileMounted2Time == 0.000032
[2023.03.23-17.27.27:001][  0]LogPakFile: PakFile PrimaryIndexSize=192
[2023.03.23-17.27.27:001][  0]LogPakFile: PakFile PathHashIndexSize=101
[2023.03.23-17.27.27:001][  0]LogPakFile: PakFile FullDirectoryIndexSize=158
[2023.03.23-17.27.27:001][  0]LogShaderLibrary: Display: ShaderCodeLibraryPakFileMountedCallback: PakFile 'C:/Program Files/Epic Games/UE_4.27/FeaturePacks/TP_VirtualRealityBP.upack' (chunk index -1, root 'root:/') mounted
[2023.03.23-17.27.27:001][  0]LogShaderLibrary: Display: ShaderCodeLibraryPakFileMountedCallback: pending pak file info (ChunkID:-1 Root:root:/ File:C:/Program Files/Epic Games/UE_4.27/FeaturePacks/TP_VirtualRealityBP.upack)
[2023.03.23-17.27.27:001][  0]LogPakFile: OnPakFileMounted2Time == 0.000028
[2023.03.23-17.27.27:043][  0]LogNativeClassHierarchy: Verbose: Native class hierarchy updated for 'AddContentDialog' in 0.0003 seconds. Added 0 classes and 0 folders.
[2023.03.23-17.27.27:065][  0]LogSlate: Took 0.000233 seconds to synchronously load lazily loaded font '../../../Engine/Content/Editor/Slate/Fonts/FontAwesome.ttf' (139K)
[2023.03.23-17.27.27:070][  0]LogSlate: Took 0.000270 seconds to synchronously load lazily loaded font '../../../Engine/Content/Slate/Fonts/Roboto-Bold.ttf' (160K)
[2023.03.23-17.27.27:114][  0]LogRenderer: Reallocating scene render targets to support 892x368 Format 10 NumSamples 1 (Frame:1).
[2023.03.23-17.27.27:193][  0]LogNativeClassHierarchy: Verbose: Native class hierarchy updated for 'HierarchicalLODOutliner' in 0.0003 seconds. Added 0 classes and 0 folders.
[2023.03.23-17.27.27:193][  0]LogLoad: (Engine Initialization) Total time: 13.75 seconds
[2023.03.23-17.27.27:193][  0]LogLoad: (Engine Initialization) Total Blueprint compile time: 0.00 seconds
[2023.03.23-17.27.27:242][  0]LogAssetRegistry: Asset discovery search completed in 9.8242 seconds
[2023.03.23-17.27.27:248][  0]LogCollectionManager: Fixed up redirectors for 0 collections in 0.000003 seconds (updated 0 objects)
[2023.03.23-17.27.27:249][  0]LogContentStreaming: Texture pool size now 1000 MB
[2023.03.23-17.27.27:403][  3]LogSlate: Took 0.000167 seconds to synchronously load lazily loaded font '../../../Engine/Content/Slate/Fonts/Roboto-Light.ttf' (167K)
[2023.03.23-17.27.28:215][ 51]LogSlate: Took 0.000179 seconds to synchronously load lazily loaded font '../../../Engine/Content/Slate/Fonts/Roboto-Light.ttf' (167K)
[2023.03.23-17.27.31:511][242]LogUObjectHash: Compacting FUObjectHashTables data took   0.75ms
[2023.03.23-17.27.31:542][242]LogLinker: Warning: [AssetLog] C:\Users\rcano\OneDrive\Documentos\Unreal Projects\MyProject\Content\POng_Controller.uasset: Failed to load '/Game/Material2': Can't find file.
[2023.03.23-17.27.31:542][242]LogLinker: Warning: [AssetLog] C:\Users\rcano\OneDrive\Documentos\Unreal Projects\MyProject\Content\POng_Controller.uasset: Failed to load '/Game/Material2': Can't find file.
[2023.03.23-17.27.31:542][242]LogLinker: Warning: [AssetLog] C:\Users\rcano\OneDrive\Documentos\Unreal Projects\MyProject\Content\POng_Controller.uasset: Failed to load '/Game/Material2': Can't find file.
[2023.03.23-17.27.31:545][242]LogLinker: Warning: [AssetLog] C:\Users\rcano\OneDrive\Documentos\Unreal Projects\MyProject\Content\PongHUD.uasset: Failed to load '/Game/Material2': Can't find file.
[2023.03.23-17.27.31:545][242]LogLinker: Warning: [AssetLog] C:\Users\rcano\OneDrive\Documentos\Unreal Projects\MyProject\Content\PongHUD.uasset: Failed to load '/Game/Material2': Can't find file.
[2023.03.23-17.27.31:549][242]LogLinker: Warning: [AssetLog] C:\Users\rcano\OneDrive\Documentos\Unreal Projects\MyProject\Content\PongHUD.uasset: Failed to load '/Game/Material2': Can't find file.
[2023.03.23-17.27.31:549][242]LoadErrors: Failed to load /Game/Material2.Material2 Referenced by K2Node_CallFunction_5
[2023.03.23-17.27.31:625][242]LogAssetEditorSubsystem: Opening Asset editor for World /Game/PongLevel.PongLevel
[2023.03.23-17.27.31:625][242]Cmd: MAP LOAD FILE="../../../../../../Users/rcano/OneDrive/Documentos/Unreal Projects/MyProject/Content/PongLevel.umap" TEMPLATE=0 SHOWPROGRESS=1 FEATURELEVEL=3
[2023.03.23-17.27.31:625][242]LightingResults: New page: Lighting Build
[2023.03.23-17.27.31:625][242]LoadErrors: New page: Loading map: PongLevel.umap
[2023.03.23-17.27.31:625][242]LogWorld: UWorld::CleanupWorld for Untitled_1, bSessionEnded=true, bCleanupResources=true
[2023.03.23-17.27.31:625][242]LogSlate: InvalidateAllWidgets triggered.  All widgets were invalidated
[2023.03.23-17.27.31:626][242]MapCheck: New page: Map Check
[2023.03.23-17.27.31:626][242]LightingResults: New page: Lighting Build
[2023.03.23-17.27.31:631][242]LogAudio: Display: Audio Device unregistered from world 'None'.
[2023.03.23-17.27.31:635][242]LogUObjectHash: Compacting FUObjectHashTables data took   1.48ms
[2023.03.23-17.27.31:635][242]LogAudio: Display: Audio Device (ID: 1) registered with world 'PongLevel'.
[2023.03.23-17.27.31:686][242]LogEditorServer: Finished looking for orphan Actors (0.000 secs)
[2023.03.23-17.27.31:686][242]LogAIModule: Creating AISystem for world PongLevel
[2023.03.23-17.27.31:692][242]LogUObjectHash: Compacting FUObjectHashTables data took   0.49ms
[2023.03.23-17.27.31:696][242]Cmd: MAP CHECKDEP NOCLEARLOG
[2023.03.23-17.27.31:696][242]MapCheck: Map check complete: 0 Error(s), 0 Warning(s), took 0.13ms to complete.
[2023.03.23-17.27.31:696][242]LogFileHelpers: Loading map 'PongLevel' took 0.072
[2023.03.23-17.27.33:622][352]LogEditorViewport: Clicking on Actor (LMB): StaticMeshActor (Floor)
[2023.03.23-17.27.36:059][496]LogEditorViewport: Clicking on Actor (LMB): StaticMeshActor (Floor)
[2023.03.23-17.27.36:889][546]LogEditorViewport: Clicking on Actor (LMB): StaticMeshActor (Floor)
[2023.03.23-17.27.39:298][687]LogUObjectHash: Compacting FUObjectHashTables data took   0.23ms
[2023.03.23-17.27.39:318][687]LogAssetEditorSubsystem: Opening Asset editor for World /Game/PongLevel.PongLevel
[2023.03.23-17.27.39:318][687]Cmd: MAP LOAD FILE="../../../../../../Users/rcano/OneDrive/Documentos/Unreal Projects/MyProject/Content/PongLevel.umap" TEMPLATE=0 SHOWPROGRESS=1 FEATURELEVEL=3
[2023.03.23-17.27.39:318][687]LightingResults: New page: Lighting Build
[2023.03.23-17.27.39:318][687]LoadErrors: New page: Loading map: PongLevel.umap
[2023.03.23-17.27.39:321][687]LogWorld: UWorld::CleanupWorld for PongLevel, bSessionEnded=true, bCleanupResources=true
[2023.03.23-17.27.39:321][687]LogSlate: InvalidateAllWidgets triggered.  All widgets were invalidated
[2023.03.23-17.27.39:321][687]MapCheck: New page: Map Check
[2023.03.23-17.27.39:321][687]LightingResults: New page: Lighting Build
[2023.03.23-17.27.39:325][687]LogAudio: Display: Audio Device unregistered from world 'None'.
[2023.03.23-17.27.39:327][687]LogUObjectHash: Compacting FUObjectHashTables data took   0.58ms
[2023.03.23-17.27.39:334][687]LogAudio: Display: Audio Device (ID: 1) registered with world 'PongLevel'.
[2023.03.23-17.27.39:335][687]LogAIModule: Creating AISystem for world PongLevel
[2023.03.23-17.27.39:384][687]LogEditorServer: Finished looking for orphan Actors (0.000 secs)
[2023.03.23-17.27.39:392][687]LogUObjectHash: Compacting FUObjectHashTables data took   0.89ms
[2023.03.23-17.27.39:395][687]Cmd: MAP CHECKDEP NOCLEARLOG
[2023.03.23-17.27.39:395][687]MapCheck: Map check complete: 0 Error(s), 0 Warning(s), took 0.096ms to complete.
[2023.03.23-17.27.39:395][687]LogFileHelpers: Loading map 'PongLevel' took 0.077
[2023.03.23-17.37.29:351][851]LogUObjectHash: Compacting FUObjectHashTables data took   0.28ms
[2023.03.23-17.37.29:371][851]LogSlate: Window 'MyProject - Unreal Editor' being destroyed
